

*******************************************************************************
Fri Jul 29 14:18:41 2011


FIT:    data read from datapath.'1kbare_1mhz_stop.dat' using 1:2
        format = x:z
        #datapoints = 51
        residuals are weighted equally (unit weight)

function used for fitting: f(x)
fitted parameters initialized with current variable values



 Iteration 0
 WSSR        : 0.000496225       delta(WSSR)/WSSR   : 0
 delta(WSSR) : 0                 limit for stopping : 1e-005
 lambda	  : 0.558057

initial set of free parameter values

a               = -10
flatband        = 0.0065

After 10 iterations the fit converged.
final sum of squares of residuals : 5.18092e-008
rel. change during last iteration : -2.63763e-007

degrees of freedom    (FIT_NDF)                        : 49
rms of residuals      (FIT_STDFIT) = sqrt(WSSR/ndf)    : 3.25166e-005
variance of residuals (reduced chisquare) = WSSR/ndf   : 1.05733e-009

Final set of parameters            Asymptotic Standard Error
=======================            ==========================

a               = -1.42949         +/- 0.02389      (1.671%)
flatband        = 0.00240146       +/- 5.413e-006   (0.2254%)


correlation matrix of the fit parameters:

               a      flatba 
a               1.000 
flatband       -0.362  1.000 


*******************************************************************************
Fri Jul 29 14:19:49 2011


FIT:    data read from datapath.'1kbare_1mhz_stop.dat' using 1:2
        format = x:z
        #datapoints = 51
        residuals are weighted equally (unit weight)

function used for fitting: f(x)
fitted parameters initialized with current variable values



 Iteration 0
 WSSR        : 0.000496225       delta(WSSR)/WSSR   : 0
 delta(WSSR) : 0                 limit for stopping : 1e-005
 lambda	  : 0.558057

initial set of free parameter values

a               = -10
flatband        = 0.0065

After 10 iterations the fit converged.
final sum of squares of residuals : 5.18092e-008
rel. change during last iteration : -2.63763e-007

degrees of freedom    (FIT_NDF)                        : 49
rms of residuals      (FIT_STDFIT) = sqrt(WSSR/ndf)    : 3.25166e-005
variance of residuals (reduced chisquare) = WSSR/ndf   : 1.05733e-009

Final set of parameters            Asymptotic Standard Error
=======================            ==========================

a               = -1.42949         +/- 0.02389      (1.671%)
flatband        = 0.00240146       +/- 5.413e-006   (0.2254%)


correlation matrix of the fit parameters:

               a      flatba 
a               1.000 
flatband       -0.362  1.000 


*******************************************************************************
Fri Jul 29 14:20:45 2011


FIT:    data read from datapath.'1kbare_1mhz_stop.dat' using 1:2
        format = x:z
        #datapoints = 51
        residuals are weighted equally (unit weight)

function used for fitting: f(x)
fitted parameters initialized with current variable values



 Iteration 0
 WSSR        : 0.000496225       delta(WSSR)/WSSR   : 0
 delta(WSSR) : 0                 limit for stopping : 1e-005
 lambda	  : 0.558057

initial set of free parameter values

a               = -10
flatband        = 0.0065

After 10 iterations the fit converged.
final sum of squares of residuals : 5.18092e-008
rel. change during last iteration : -2.63763e-007

degrees of freedom    (FIT_NDF)                        : 49
rms of residuals      (FIT_STDFIT) = sqrt(WSSR/ndf)    : 3.25166e-005
variance of residuals (reduced chisquare) = WSSR/ndf   : 1.05733e-009

Final set of parameters            Asymptotic Standard Error
=======================            ==========================

a               = -1.42949         +/- 0.02389      (1.671%)
flatband        = 0.00240146       +/- 5.413e-006   (0.2254%)


correlation matrix of the fit parameters:

               a      flatba 
a               1.000 
flatband       -0.362  1.000 


*******************************************************************************
Fri Jul 29 14:22:04 2011


FIT:    data read from datapath.'1kbare_1mhz_stop.dat' using 1:2
        format = x:z
        #datapoints = 51
        residuals are weighted equally (unit weight)

function used for fitting: f(x)
fitted parameters initialized with current variable values



 Iteration 0
 WSSR        : 0.000496225       delta(WSSR)/WSSR   : 0
 delta(WSSR) : 0                 limit for stopping : 1e-005
 lambda	  : 0.558057

initial set of free parameter values

a               = -10
flatband        = 0.0065

After 10 iterations the fit converged.
final sum of squares of residuals : 5.18092e-008
rel. change during last iteration : -2.63763e-007

degrees of freedom    (FIT_NDF)                        : 49
rms of residuals      (FIT_STDFIT) = sqrt(WSSR/ndf)    : 3.25166e-005
variance of residuals (reduced chisquare) = WSSR/ndf   : 1.05733e-009

Final set of parameters            Asymptotic Standard Error
=======================            ==========================

a               = -1.42949         +/- 0.02389      (1.671%)
flatband        = 0.00240146       +/- 5.413e-006   (0.2254%)


correlation matrix of the fit parameters:

               a      flatba 
a               1.000 
flatband       -0.362  1.000 


*******************************************************************************
Fri Jul 29 15:18:07 2011


FIT:    data read from datapath.'1kbare_1mhz_c237_27p.dat' using 1:2
        format = x:z
        #datapoints = 51
        residuals are weighted equally (unit weight)

function used for fitting: f(x)
fitted parameters initialized with current variable values



 Iteration 0
 WSSR        : 0.000536447       delta(WSSR)/WSSR   : 0
 delta(WSSR) : 0                 limit for stopping : 1e-005
 lambda	  : 0.558057

initial set of free parameter values

a               = -10
flatband        = 0.0065

After 10 iterations the fit converged.
final sum of squares of residuals : 9.04261e-008
rel. change during last iteration : -5.15566e-006

degrees of freedom    (FIT_NDF)                        : 49
rms of residuals      (FIT_STDFIT) = sqrt(WSSR/ndf)    : 4.29585e-005
variance of residuals (reduced chisquare) = WSSR/ndf   : 1.84543e-009

Final set of parameters            Asymptotic Standard Error
=======================            ==========================

a               = -2.46094         +/- 0.04877      (1.982%)
flatband        = 0.00224787       +/- 7.405e-006   (0.3294%)


correlation matrix of the fit parameters:

               a      flatba 
a               1.000 
flatband       -0.373  1.000 


*******************************************************************************
Wed Aug 03 10:53:56 2011


FIT:    data read from datapath.'1mhz_stop_c237_27p.dat' using 1:2
        format = x:z
        #datapoints = 51
        residuals are weighted equally (unit weight)

function used for fitting: f(x)
fitted parameters initialized with current variable values



 Iteration 0
 WSSR        : 0.000471052       delta(WSSR)/WSSR   : 0
 delta(WSSR) : 0                 limit for stopping : 1e-005
 lambda	  : 0.558057

initial set of free parameter values

a               = -10
flatband        = 0.0065

After 10 iterations the fit converged.
final sum of squares of residuals : 8.22608e-008
rel. change during last iteration : -2.13038e-006

degrees of freedom    (FIT_NDF)                        : 49
rms of residuals      (FIT_STDFIT) = sqrt(WSSR/ndf)    : 4.09731e-005
variance of residuals (reduced chisquare) = WSSR/ndf   : 1.67879e-009

Final set of parameters            Asymptotic Standard Error
=======================            ==========================

a               = -2.51229         +/- 0.04253      (1.693%)
flatband        = 0.00249966       +/- 7.074e-006   (0.283%)


correlation matrix of the fit parameters:

               a      flatba 
a               1.000 
flatband       -0.373  1.000 


*******************************************************************************
Wed Aug 03 11:12:48 2011


FIT:    data read from datapath.'1mhz_stop_c237_18p.dat' using 1:2
        format = x:z
        #datapoints = 51
        residuals are weighted equally (unit weight)

function used for fitting: f(x)
fitted parameters initialized with current variable values



 Iteration 0
 WSSR        : 0.000479146       delta(WSSR)/WSSR   : 0
 delta(WSSR) : 0                 limit for stopping : 1e-005
 lambda	  : 0.558057

initial set of free parameter values

a               = -10
flatband        = 0.0065

After 10 iterations the fit converged.
final sum of squares of residuals : 5.30716e-008
rel. change during last iteration : -4.08559e-008

degrees of freedom    (FIT_NDF)                        : 49
rms of residuals      (FIT_STDFIT) = sqrt(WSSR/ndf)    : 3.29104e-005
variance of residuals (reduced chisquare) = WSSR/ndf   : 1.08309e-009

Final set of parameters            Asymptotic Standard Error
=======================            ==========================

a               = -1.41215         +/- 0.02335      (1.654%)
flatband        = 0.00247035       +/- 5.474e-006   (0.2216%)


correlation matrix of the fit parameters:

               a      flatba 
a               1.000 
flatband       -0.361  1.000 


*******************************************************************************
Wed Aug 03 11:19:39 2011


FIT:    data read from datapath.'100khz_stop.dat' using 1:2
        format = x:z
        #datapoints = 51
        residuals are weighted equally (unit weight)

function used for fitting: f(x)
fitted parameters initialized with current variable values



 Iteration 0
 WSSR        : 0.000818592       delta(WSSR)/WSSR   : 0
 delta(WSSR) : 0                 limit for stopping : 1e-005
 lambda	  : 0.640826

initial set of free parameter values

a               = -10
flatband        = 0.0065

After 9 iterations the fit converged.
final sum of squares of residuals : 4.61069e-010
rel. change during last iteration : -1.15644e-007

degrees of freedom    (FIT_NDF)                        : 49
rms of residuals      (FIT_STDFIT) = sqrt(WSSR/ndf)    : 3.0675e-006
variance of residuals (reduced chisquare) = WSSR/ndf   : 9.40957e-012

Final set of parameters            Asymptotic Standard Error
=======================            ==========================

a               = -36.2304         +/- 0.03848      (0.1062%)
flatband        = 0.00245028       +/- 6.059e-007   (0.02473%)


correlation matrix of the fit parameters:

               a      flatba 
a               1.000 
flatband       -0.469  1.000 


*******************************************************************************
Wed Aug 03 11:26:16 2011


FIT:    data read from datapath.'10khz_stop.dat' using 1:2
        format = x:z
        #datapoints = 51
        residuals are weighted equally (unit weight)

function used for fitting: f(x)
fitted parameters initialized with current variable values



 Iteration 0
 WSSR        : 0.0011654         delta(WSSR)/WSSR   : 0
 delta(WSSR) : 0                 limit for stopping : 1e-005
 lambda	  : 0.704399

initial set of free parameter values

a               = -10
flatband        = 0.0065

After 11 iterations the fit converged.
final sum of squares of residuals : 1.10148e-009
rel. change during last iteration : -1.59776e-007

degrees of freedom    (FIT_NDF)                        : 49
rms of residuals      (FIT_STDFIT) = sqrt(WSSR/ndf)    : 4.74123e-006
variance of residuals (reduced chisquare) = WSSR/ndf   : 2.24792e-011

Final set of parameters            Asymptotic Standard Error
=======================            ==========================

a               = -394.398         +/- 0.6513       (0.1651%)
flatband        = 0.00243829       +/- 9.478e-007   (0.03887%)


correlation matrix of the fit parameters:

               a      flatba 
a               1.000 
flatband       -0.474  1.000 


*******************************************************************************
Wed Aug 03 13:48:42 2011


FIT:    data read from datapath.'10khz_stop_c215_3nf.dat' using 1:2
        format = x:z
        #datapoints = 51
        residuals are weighted equally (unit weight)

function used for fitting: f(x)
fitted parameters initialized with current variable values



 Iteration 0
 WSSR        : 0.00107858        delta(WSSR)/WSSR   : 0
 delta(WSSR) : 0                 limit for stopping : 1e-005
 lambda	  : 0.704399

initial set of free parameter values

a               = -10
flatband        = 0.0065

After 11 iterations the fit converged.
final sum of squares of residuals : 4.11422e-010
rel. change during last iteration : -4.28527e-011

degrees of freedom    (FIT_NDF)                        : 49
rms of residuals      (FIT_STDFIT) = sqrt(WSSR/ndf)    : 2.89765e-006
variance of residuals (reduced chisquare) = WSSR/ndf   : 8.39636e-012

Final set of parameters            Asymptotic Standard Error
=======================            ==========================

a               = -347.629         +/- 0.3226       (0.09281%)
flatband        = 0.0026454        +/- 5.69e-007    (0.02151%)


correlation matrix of the fit parameters:

               a      flatba 
a               1.000 
flatband       -0.467  1.000 


*******************************************************************************
Wed Aug 03 13:52:12 2011


FIT:    data read from datapath.'100khz_stop_c215_3nf.dat' using 1:2
        format = x:z
        #datapoints = 51
        residuals are weighted equally (unit weight)

function used for fitting: f(x)
fitted parameters initialized with current variable values



 Iteration 0
 WSSR        : 0.000785958       delta(WSSR)/WSSR   : 0
 delta(WSSR) : 0                 limit for stopping : 1e-005
 lambda	  : 0.640826

initial set of free parameter values

a               = -10
flatband        = 0.0065

After 9 iterations the fit converged.
final sum of squares of residuals : 5.05024e-010
rel. change during last iteration : -1.78726e-007

degrees of freedom    (FIT_NDF)                        : 49
rms of residuals      (FIT_STDFIT) = sqrt(WSSR/ndf)    : 3.21039e-006
variance of residuals (reduced chisquare) = WSSR/ndf   : 1.03066e-011

Final set of parameters            Asymptotic Standard Error
=======================            ==========================

a               = -36.2999         +/- 0.03864      (0.1064%)
flatband        = 0.00255861       +/- 6.343e-007   (0.02479%)


correlation matrix of the fit parameters:

               a      flatba 
a               1.000 
flatband       -0.469  1.000 


*******************************************************************************
Tue Aug 16 11:01:48 2011


FIT:    data read from datapath.'bare_xformer.dat' every 1::1::2 using 1:2
        format = x:z
        #datapoints = 2
        residuals are weighted equally (unit weight)

function used for fitting: f(x)
fitted parameters initialized with current variable values



 Iteration 0
 WSSR        : 0.919685          delta(WSSR)/WSSR   : 0
 delta(WSSR) : 0                 limit for stopping : 1e-005
 lambda	  : 1

initial set of free parameter values

flatamp         = 1

After 4 iterations the fit converged.
final sum of squares of residuals : 0.00438048
rel. change during last iteration : -1.43653e-012

degrees of freedom    (FIT_NDF)                        : 1
rms of residuals      (FIT_STDFIT) = sqrt(WSSR/ndf)    : 0.0661852
variance of residuals (reduced chisquare) = WSSR/ndf   : 0.00438048

Final set of parameters            Asymptotic Standard Error
=======================            ==========================

flatamp         = 0.3235           +/- 0.0468       (14.47%)


correlation matrix of the fit parameters:

               flatam 
flatamp         1.000 


*******************************************************************************
Tue Aug 16 11:02:17 2011


FIT:    data read from datapath.'bare_xformer.dat' every 1::1::2 using 1:2
        format = x:z
        #datapoints = 2
        residuals are weighted equally (unit weight)

function used for fitting: f(x)
fitted parameters initialized with current variable values



 Iteration 0
 WSSR        : 0.00438048        delta(WSSR)/WSSR   : 0
 delta(WSSR) : 0                 limit for stopping : 1e-005
 lambda	  : 1

initial set of free parameter values

flatamp         = 0.3235

After 1 iterations the fit converged.
final sum of squares of residuals : 0.00438048
rel. change during last iteration : 0

degrees of freedom    (FIT_NDF)                        : 1
rms of residuals      (FIT_STDFIT) = sqrt(WSSR/ndf)    : 0.0661852
variance of residuals (reduced chisquare) = WSSR/ndf   : 0.00438048

Final set of parameters            Asymptotic Standard Error
=======================            ==========================

flatamp         = 0.3235           +/- 0.0468       (14.47%)


correlation matrix of the fit parameters:

               flatam 
flatamp         1.000 


*******************************************************************************
Tue Aug 16 11:02:32 2011


FIT:    data read from datapath.'bare_xformer.dat' every 1::1::2 using 1:2
        format = x:z
        #datapoints = 2
        residuals are weighted equally (unit weight)

function used for fitting: f(x)
fitted parameters initialized with current variable values



 Iteration 0
 WSSR        : 0.00438048        delta(WSSR)/WSSR   : 0
 delta(WSSR) : 0                 limit for stopping : 1e-005
 lambda	  : 1

initial set of free parameter values

flatamp         = 0.3235

After 1 iterations the fit converged.
final sum of squares of residuals : 0.00438048
rel. change during last iteration : 0

degrees of freedom    (FIT_NDF)                        : 1
rms of residuals      (FIT_STDFIT) = sqrt(WSSR/ndf)    : 0.0661852
variance of residuals (reduced chisquare) = WSSR/ndf   : 0.00438048

Final set of parameters            Asymptotic Standard Error
=======================            ==========================

flatamp         = 0.3235           +/- 0.0468       (14.47%)


correlation matrix of the fit parameters:

               flatam 
flatamp         1.000 


*******************************************************************************
Tue Aug 16 11:05:09 2011


FIT:    data read from datapath.'bare_xformer.dat' every 1::1::2 using 1:2
        format = x:z
        #datapoints = 2
        residuals are weighted equally (unit weight)

function used for fitting: f(x)
fitted parameters initialized with current variable values



 Iteration 0
 WSSR        : 0.00438048        delta(WSSR)/WSSR   : 0
 delta(WSSR) : 0                 limit for stopping : 1e-005
 lambda	  : 1

initial set of free parameter values

flatamp         = 0.3235

After 1 iterations the fit converged.
final sum of squares of residuals : 0.00438048
rel. change during last iteration : 0

degrees of freedom    (FIT_NDF)                        : 1
rms of residuals      (FIT_STDFIT) = sqrt(WSSR/ndf)    : 0.0661852
variance of residuals (reduced chisquare) = WSSR/ndf   : 0.00438048

Final set of parameters            Asymptotic Standard Error
=======================            ==========================

flatamp         = 0.3235           +/- 0.0468       (14.47%)


correlation matrix of the fit parameters:

               flatam 
flatamp         1.000 


*******************************************************************************
Tue Aug 16 11:06:34 2011


FIT:    data read from datapath.'bare_xformer.dat' every 1::1::2 using 1:2
        format = x:z
        #datapoints = 2
        residuals are weighted equally (unit weight)

function used for fitting: f(x)
fitted parameters initialized with current variable values



 Iteration 0
 WSSR        : 0.00438048        delta(WSSR)/WSSR   : 0
 delta(WSSR) : 0                 limit for stopping : 1e-005
 lambda	  : 1

initial set of free parameter values

flatamp         = 0.3235

After 1 iterations the fit converged.
final sum of squares of residuals : 0.00438048
rel. change during last iteration : 0

degrees of freedom    (FIT_NDF)                        : 1
rms of residuals      (FIT_STDFIT) = sqrt(WSSR/ndf)    : 0.0661852
variance of residuals (reduced chisquare) = WSSR/ndf   : 0.00438048

Final set of parameters            Asymptotic Standard Error
=======================            ==========================

flatamp         = 0.3235           +/- 0.0468       (14.47%)


correlation matrix of the fit parameters:

               flatam 
flatamp         1.000 


*******************************************************************************
Tue Aug 16 13:45:50 2011


FIT:    data read from datapath.'trimmed_yellow_chb.dat' every 1::1::2 using 1:2
        format = x:z
        #datapoints = 2
        residuals are weighted equally (unit weight)

function used for fitting: f(x)
fitted parameters initialized with current variable values



 Iteration 0
 WSSR        : 0.122696          delta(WSSR)/WSSR   : 0
 delta(WSSR) : 0                 limit for stopping : 1e-005
 lambda	  : 1

initial set of free parameter values

flatamp         = 0.3235

After 4 iterations the fit converged.
final sum of squares of residuals : 4.05e-009
rel. change during last iteration : -2.08275e-007

degrees of freedom    (FIT_NDF)                        : 1
rms of residuals      (FIT_STDFIT) = sqrt(WSSR/ndf)    : 6.36396e-005
variance of residuals (reduced chisquare) = WSSR/ndf   : 4.05e-009

Final set of parameters            Asymptotic Standard Error
=======================            ==========================

flatamp         = 0.075815         +/- 4.5e-005     (0.05936%)


correlation matrix of the fit parameters:

               flatam 
flatamp         1.000 


*******************************************************************************
Tue Aug 16 13:53:49 2011


FIT:    data read from datapath.'yellow_100hz_1mhz_chb.dat' every 1::1::2 using 1:2
        format = x:z
        #datapoints = 2
        residuals are weighted equally (unit weight)

function used for fitting: f(x)
fitted parameters initialized with current variable values



 Iteration 0
 WSSR        : 4.05e-009         delta(WSSR)/WSSR   : 0
 delta(WSSR) : 0                 limit for stopping : 1e-005
 lambda	  : 1

initial set of free parameter values

flatamp         = 0.075815

After 4 iterations the fit converged.
final sum of squares of residuals : 0
abs. change during last iteration : -2.7843e-023


Hmmmm.... Sum of squared residuals is zero. Can't compute errors.

Final set of parameters 
======================= 

flatamp         = 0.07577        


*******************************************************************************
Tue Aug 16 14:14:51 2011


FIT:    data read from datapath.'two_probes_100hz_1mhz.dat' every 1::1::2 using 1:2
        format = x:z
        #datapoints = 2
        residuals are weighted equally (unit weight)

function used for fitting: f(x)
fitted parameters initialized with current variable values



 Iteration 0
 WSSR        : 1.73066           delta(WSSR)/WSSR   : 0
 delta(WSSR) : 0                 limit for stopping : 1e-005
 lambda	  : 1

initial set of free parameter values

flatamp         = 0.07577

After 5 iterations the fit converged.
final sum of squares of residuals : 0
abs. change during last iteration : -2.98544e-027


Hmmmm.... Sum of squared residuals is zero. Can't compute errors.

Final set of parameters 
======================= 

flatamp         = 1.006          


*******************************************************************************
Tue Aug 16 15:23:37 2011


FIT:    data read from datapath.'1mhz_stop_loop.dat' every 1::1::2 using 1:2
        format = x:z
        #datapoints = 2
        residuals are weighted equally (unit weight)

function used for fitting: f(x)
fitted parameters initialized with current variable values



 Iteration 0
 WSSR        : 119.713           delta(WSSR)/WSSR   : 0
 delta(WSSR) : 0                 limit for stopping : 1e-005
 lambda	  : 1

initial set of free parameter values

flatamp         = 1.006

After 4 iterations the fit converged.
final sum of squares of residuals : 0.299538
rel. change during last iteration : -2.74074e-012

degrees of freedom    (FIT_NDF)                        : 1
rms of residuals      (FIT_STDFIT) = sqrt(WSSR/ndf)    : 0.547301
variance of residuals (reduced chisquare) = WSSR/ndf   : 0.299538

Final set of parameters            Asymptotic Standard Error
=======================            ==========================

flatamp         = 8.733            +/- 0.387        (4.431%)


correlation matrix of the fit parameters:

               flatam 
flatamp         1.000 


*******************************************************************************
Fri Nov 04 14:02:38 2011


FIT:    data read from datapath.'1kohm_1ma.dat' every 1::1::2 using 1:2
        format = x:z
        #datapoints = 2
        residuals are weighted equally (unit weight)

function used for fitting: f(x)
fitted parameters initialized with current variable values



 Iteration 0
 WSSR        : 1.92983e+006      delta(WSSR)/WSSR   : 0
 delta(WSSR) : 0                 limit for stopping : 1e-005
 lambda	  : 1

initial set of free parameter values

flatamp         = 1

After 4 iterations the fit converged.
final sum of squares of residuals : 0.02
rel. change during last iteration : -6.63361e-007

degrees of freedom    (FIT_NDF)                        : 1
rms of residuals      (FIT_STDFIT) = sqrt(WSSR/ndf)    : 0.141421
variance of residuals (reduced chisquare) = WSSR/ndf   : 0.02

Final set of parameters            Asymptotic Standard Error
=======================            ==========================

flatamp         = 983.3            +/- 0.1          (0.01017%)


correlation matrix of the fit parameters:

               flatam 
flatamp         1.000 


*******************************************************************************
Fri Nov 04 14:27:45 2011


FIT:    data read from datapath.'1kohm_1ma.dat' every 1::1::2 using 1:2
        format = x:z
        #datapoints = 2
        residuals are weighted equally (unit weight)

function used for fitting: f(x)
fitted parameters initialized with current variable values



 Iteration 0
 WSSR        : 0.02              delta(WSSR)/WSSR   : 0
 delta(WSSR) : 0                 limit for stopping : 1e-005
 lambda	  : 1

initial set of free parameter values

flatamp         = 983.3

After 1 iterations the fit converged.
final sum of squares of residuals : 0.02
rel. change during last iteration : 0

degrees of freedom    (FIT_NDF)                        : 1
rms of residuals      (FIT_STDFIT) = sqrt(WSSR/ndf)    : 0.141421
variance of residuals (reduced chisquare) = WSSR/ndf   : 0.02

Final set of parameters            Asymptotic Standard Error
=======================            ==========================

flatamp         = 983.3            +/- 0.1          (0.01017%)


correlation matrix of the fit parameters:

               flatam 
flatamp         1.000 


*******************************************************************************
Fri Nov 04 14:28:46 2011


FIT:    data read from datapath.'1kohm_1ma.dat' every 1::1::2 using 1:2
        format = x:z
        #datapoints = 2
        residuals are weighted equally (unit weight)

function used for fitting: f(x)
fitted parameters initialized with current variable values



 Iteration 0
 WSSR        : 0.02              delta(WSSR)/WSSR   : 0
 delta(WSSR) : 0                 limit for stopping : 1e-005
 lambda	  : 1

initial set of free parameter values

flatamp         = 983.3

After 1 iterations the fit converged.
final sum of squares of residuals : 0.02
rel. change during last iteration : 0

degrees of freedom    (FIT_NDF)                        : 1
rms of residuals      (FIT_STDFIT) = sqrt(WSSR/ndf)    : 0.141421
variance of residuals (reduced chisquare) = WSSR/ndf   : 0.02

Final set of parameters            Asymptotic Standard Error
=======================            ==========================

flatamp         = 983.3            +/- 0.1          (0.01017%)


correlation matrix of the fit parameters:

               flatam 
flatamp         1.000 


*******************************************************************************
Fri Nov 04 14:29:08 2011


FIT:    data read from datapath.'1kohm_1ma.dat' every 1::1::2 using 1:2
        format = x:z
        #datapoints = 2
        residuals are weighted equally (unit weight)

function used for fitting: f(x)
fitted parameters initialized with current variable values



 Iteration 0
 WSSR        : 0.02              delta(WSSR)/WSSR   : 0
 delta(WSSR) : 0                 limit for stopping : 1e-005
 lambda	  : 1

initial set of free parameter values

flatamp         = 983.3

After 1 iterations the fit converged.
final sum of squares of residuals : 0.02
rel. change during last iteration : 0

degrees of freedom    (FIT_NDF)                        : 1
rms of residuals      (FIT_STDFIT) = sqrt(WSSR/ndf)    : 0.141421
variance of residuals (reduced chisquare) = WSSR/ndf   : 0.02

Final set of parameters            Asymptotic Standard Error
=======================            ==========================

flatamp         = 983.3            +/- 0.1          (0.01017%)


correlation matrix of the fit parameters:

               flatam 
flatamp         1.000 


*******************************************************************************
Fri Nov 04 14:32:39 2011


FIT:    data read from datapath.'1kohm_1ma.dat' every 1::1::2 using 1:2
        format = x:z
        #datapoints = 2
        residuals are weighted equally (unit weight)

function used for fitting: f(x)
fitted parameters initialized with current variable values



 Iteration 0
 WSSR        : 0.02              delta(WSSR)/WSSR   : 0
 delta(WSSR) : 0                 limit for stopping : 1e-005
 lambda	  : 1

initial set of free parameter values

flatamp         = 983.3

After 1 iterations the fit converged.
final sum of squares of residuals : 0.02
rel. change during last iteration : 0

degrees of freedom    (FIT_NDF)                        : 1
rms of residuals      (FIT_STDFIT) = sqrt(WSSR/ndf)    : 0.141421
variance of residuals (reduced chisquare) = WSSR/ndf   : 0.02

Final set of parameters            Asymptotic Standard Error
=======================            ==========================

flatamp         = 983.3            +/- 0.1          (0.01017%)


correlation matrix of the fit parameters:

               flatam 
flatamp         1.000 


*******************************************************************************
Fri Nov 04 14:34:54 2011


FIT:    data read from datapath.'1kohm_1ma.dat' every 1::1::2 using 1:2
        format = x:z
        #datapoints = 2
        residuals are weighted equally (unit weight)

function used for fitting: f(x)
fitted parameters initialized with current variable values



 Iteration 0
 WSSR        : 0.02              delta(WSSR)/WSSR   : 0
 delta(WSSR) : 0                 limit for stopping : 1e-005
 lambda	  : 1

initial set of free parameter values

flatamp         = 983.3

After 1 iterations the fit converged.
final sum of squares of residuals : 0.02
rel. change during last iteration : 0

degrees of freedom    (FIT_NDF)                        : 1
rms of residuals      (FIT_STDFIT) = sqrt(WSSR/ndf)    : 0.141421
variance of residuals (reduced chisquare) = WSSR/ndf   : 0.02

Final set of parameters            Asymptotic Standard Error
=======================            ==========================

flatamp         = 983.3            +/- 0.1          (0.01017%)


correlation matrix of the fit parameters:

               flatam 
flatamp         1.000 


*******************************************************************************
Fri Nov 04 14:35:49 2011


FIT:    data read from datapath.'1kohm_1ma.dat' every 1::1::2 using 1:2
        format = x:z
        #datapoints = 2
        residuals are weighted equally (unit weight)

function used for fitting: f(x)
fitted parameters initialized with current variable values



 Iteration 0
 WSSR        : 0.02              delta(WSSR)/WSSR   : 0
 delta(WSSR) : 0                 limit for stopping : 1e-005
 lambda	  : 1

initial set of free parameter values

flatamp         = 983.3

After 1 iterations the fit converged.
final sum of squares of residuals : 0.02
rel. change during last iteration : 0

degrees of freedom    (FIT_NDF)                        : 1
rms of residuals      (FIT_STDFIT) = sqrt(WSSR/ndf)    : 0.141421
variance of residuals (reduced chisquare) = WSSR/ndf   : 0.02

Final set of parameters            Asymptotic Standard Error
=======================            ==========================

flatamp         = 983.3            +/- 0.1          (0.01017%)


correlation matrix of the fit parameters:

               flatam 
flatamp         1.000 


*******************************************************************************
Fri Nov 04 14:37:35 2011


FIT:    data read from datapath.'1kohm_1ma.dat' every 1::1::2 using 1:2
        format = x:z
        #datapoints = 2
        residuals are weighted equally (unit weight)

function used for fitting: f(x)
fitted parameters initialized with current variable values



 Iteration 0
 WSSR        : 0.02              delta(WSSR)/WSSR   : 0
 delta(WSSR) : 0                 limit for stopping : 1e-005
 lambda	  : 1

initial set of free parameter values

flatamp         = 983.3

After 1 iterations the fit converged.
final sum of squares of residuals : 0.02
rel. change during last iteration : 0

degrees of freedom    (FIT_NDF)                        : 1
rms of residuals      (FIT_STDFIT) = sqrt(WSSR/ndf)    : 0.141421
variance of residuals (reduced chisquare) = WSSR/ndf   : 0.02

Final set of parameters            Asymptotic Standard Error
=======================            ==========================

flatamp         = 983.3            +/- 0.1          (0.01017%)


correlation matrix of the fit parameters:

               flatam 
flatamp         1.000 


*******************************************************************************
Fri Nov 04 14:40:30 2011


FIT:    data read from datapath.'1kohm_1ma.dat' every 1::1::2 using 1:2
        format = x:z
        #datapoints = 2
        residuals are weighted equally (unit weight)

function used for fitting: f(x)
fitted parameters initialized with current variable values



 Iteration 0
 WSSR        : 0.02              delta(WSSR)/WSSR   : 0
 delta(WSSR) : 0                 limit for stopping : 1e-005
 lambda	  : 1

initial set of free parameter values

flatamp         = 983.3

After 1 iterations the fit converged.
final sum of squares of residuals : 0.02
rel. change during last iteration : 0

degrees of freedom    (FIT_NDF)                        : 1
rms of residuals      (FIT_STDFIT) = sqrt(WSSR/ndf)    : 0.141421
variance of residuals (reduced chisquare) = WSSR/ndf   : 0.02

Final set of parameters            Asymptotic Standard Error
=======================            ==========================

flatamp         = 983.3            +/- 0.1          (0.01017%)


correlation matrix of the fit parameters:

               flatam 
flatamp         1.000 


*******************************************************************************
Fri Nov 04 14:41:15 2011


FIT:    data read from datapath.'1kohm_1ma.dat' every 1::1::2 using 1:2
        format = x:z
        #datapoints = 2
        residuals are weighted equally (unit weight)

function used for fitting: f(x)
fitted parameters initialized with current variable values



 Iteration 0
 WSSR        : 0.02              delta(WSSR)/WSSR   : 0
 delta(WSSR) : 0                 limit for stopping : 1e-005
 lambda	  : 1

initial set of free parameter values

flatamp         = 983.3

After 1 iterations the fit converged.
final sum of squares of residuals : 0.02
rel. change during last iteration : 0

degrees of freedom    (FIT_NDF)                        : 1
rms of residuals      (FIT_STDFIT) = sqrt(WSSR/ndf)    : 0.141421
variance of residuals (reduced chisquare) = WSSR/ndf   : 0.02

Final set of parameters            Asymptotic Standard Error
=======================            ==========================

flatamp         = 983.3            +/- 0.1          (0.01017%)


correlation matrix of the fit parameters:

               flatam 
flatamp         1.000 


*******************************************************************************
Fri Nov 04 14:51:20 2011


FIT:    data read from datapath.'1kohm_100ua_norm.dat' every 1::1::2 using 1:2
        format = x:z
        #datapoints = 2
        residuals are weighted equally (unit weight)

function used for fitting: f(x)
fitted parameters initialized with current variable values



 Iteration 0
 WSSR        : 151.38            delta(WSSR)/WSSR   : 0
 delta(WSSR) : 0                 limit for stopping : 1e-005
 lambda	  : 1

initial set of free parameter values

flatamp         = 983.3

After 5 iterations the fit converged.
final sum of squares of residuals : 0
abs. change during last iteration : -2.32645e-025


Hmmmm.... Sum of squared residuals is zero. Can't compute errors.

Final set of parameters 
======================= 

flatamp         = 992            


*******************************************************************************
Fri Nov 04 14:53:37 2011


FIT:    data read from datapath.'1kohm_100ua_norm.dat' every 1::1::2 using 1:2
        format = x:z
        #datapoints = 2
        residuals are weighted equally (unit weight)

function used for fitting: f(x)
fitted parameters initialized with current variable values



 Iteration 0
 WSSR        : 0                 delta(WSSR)/WSSR   : 0
 delta(WSSR) : 0                 limit for stopping : 1e-005
 lambda	  : 1

initial set of free parameter values

flatamp         = 992

After 1 iterations the fit converged.
final sum of squares of residuals : 0
abs. change during last iteration : 0


Hmmmm.... Sum of squared residuals is zero. Can't compute errors.

Final set of parameters 
======================= 

flatamp         = 992            


*******************************************************************************
Fri Nov 04 15:03:24 2011


FIT:    data read from datapath.'1kohm_10ma_norm.dat' every 1::1::2 using 1:2
        format = x:z
        #datapoints = 2
        residuals are weighted equally (unit weight)

function used for fitting: f(x)
fitted parameters initialized with current variable values



 Iteration 0
 WSSR        : 121.76            delta(WSSR)/WSSR   : 0
 delta(WSSR) : 0                 limit for stopping : 1e-005
 lambda	  : 1

initial set of free parameter values

flatamp         = 992

After 4 iterations the fit converged.
final sum of squares of residuals : 0.08
rel. change during last iteration : -1.04566e-011

degrees of freedom    (FIT_NDF)                        : 1
rms of residuals      (FIT_STDFIT) = sqrt(WSSR/ndf)    : 0.282843
variance of residuals (reduced chisquare) = WSSR/ndf   : 0.08

Final set of parameters            Asymptotic Standard Error
=======================            ==========================

flatamp         = 984.2            +/- 0.2          (0.02032%)


correlation matrix of the fit parameters:

               flatam 
flatamp         1.000 


*******************************************************************************
Fri Nov 04 15:11:25 2011


FIT:    data read from datapath.'1kohm_10ma_norm.dat' every 1::1::2 using 1:2
        format = x:z
        #datapoints = 2
        residuals are weighted equally (unit weight)

function used for fitting: f(x)
fitted parameters initialized with current variable values



 Iteration 0
 WSSR        : 0.08              delta(WSSR)/WSSR   : 0
 delta(WSSR) : 0                 limit for stopping : 1e-005
 lambda	  : 1

initial set of free parameter values

flatamp         = 984.2

After 1 iterations the fit converged.
final sum of squares of residuals : 0.08
rel. change during last iteration : 0

degrees of freedom    (FIT_NDF)                        : 1
rms of residuals      (FIT_STDFIT) = sqrt(WSSR/ndf)    : 0.282843
variance of residuals (reduced chisquare) = WSSR/ndf   : 0.08

Final set of parameters            Asymptotic Standard Error
=======================            ==========================

flatamp         = 984.2            +/- 0.2          (0.02032%)


correlation matrix of the fit parameters:

               flatam 
flatamp         1.000 


*******************************************************************************
Fri Nov 04 15:12:37 2011


FIT:    data read from datapath.'1kohm_10ma_norm.dat' every 1::1::2 using 1:2
        format = x:z
        #datapoints = 2
        residuals are weighted equally (unit weight)

function used for fitting: f(x)
fitted parameters initialized with current variable values



 Iteration 0
 WSSR        : 0.08              delta(WSSR)/WSSR   : 0
 delta(WSSR) : 0                 limit for stopping : 1e-005
 lambda	  : 1

initial set of free parameter values

flatamp         = 984.2

After 1 iterations the fit converged.
final sum of squares of residuals : 0.08
rel. change during last iteration : 0

degrees of freedom    (FIT_NDF)                        : 1
rms of residuals      (FIT_STDFIT) = sqrt(WSSR/ndf)    : 0.282843
variance of residuals (reduced chisquare) = WSSR/ndf   : 0.08

Final set of parameters            Asymptotic Standard Error
=======================            ==========================

flatamp         = 984.2            +/- 0.2          (0.02032%)


correlation matrix of the fit parameters:

               flatam 
flatamp         1.000 


*******************************************************************************
Fri Nov 04 15:13:21 2011


FIT:    data read from datapath.'1kohm_10ma_norm.dat' every 1::1::2 using 1:2
        format = x:z
        #datapoints = 2
        residuals are weighted equally (unit weight)

function used for fitting: f(x)
fitted parameters initialized with current variable values



 Iteration 0
 WSSR        : 0.08              delta(WSSR)/WSSR   : 0
 delta(WSSR) : 0                 limit for stopping : 1e-005
 lambda	  : 1

initial set of free parameter values

flatamp         = 984.2

After 1 iterations the fit converged.
final sum of squares of residuals : 0.08
rel. change during last iteration : 0

degrees of freedom    (FIT_NDF)                        : 1
rms of residuals      (FIT_STDFIT) = sqrt(WSSR/ndf)    : 0.282843
variance of residuals (reduced chisquare) = WSSR/ndf   : 0.08

Final set of parameters            Asymptotic Standard Error
=======================            ==========================

flatamp         = 984.2            +/- 0.2          (0.02032%)


correlation matrix of the fit parameters:

               flatam 
flatamp         1.000 


*******************************************************************************
Fri Nov 04 15:17:08 2011


FIT:    data read from datapath.'1kohm_100ua_top.dat' every 1::1::2 using 1:2
        format = x:z
        #datapoints = 2
        residuals are weighted equally (unit weight)

function used for fitting: f(x)
fitted parameters initialized with current variable values



 Iteration 0
 WSSR        : 0.85              delta(WSSR)/WSSR   : 0
 delta(WSSR) : 0                 limit for stopping : 1e-005
 lambda	  : 1

initial set of free parameter values

flatamp         = 984.2

After 3 iterations the fit converged.
final sum of squares of residuals : 0.605
rel. change during last iteration : -1.11372e-006

degrees of freedom    (FIT_NDF)                        : 1
rms of residuals      (FIT_STDFIT) = sqrt(WSSR/ndf)    : 0.777817
variance of residuals (reduced chisquare) = WSSR/ndf   : 0.605

Final set of parameters            Asymptotic Standard Error
=======================            ==========================

flatamp         = 984.55           +/- 0.55         (0.05586%)


correlation matrix of the fit parameters:

               flatam 
flatamp         1.000 


*******************************************************************************
Fri Nov 04 15:19:09 2011


FIT:    data read from datapath.'1kohm_100ua_top_hs.dat' every 1::1::2 using 1:2
        format = x:z
        #datapoints = 2
        residuals are weighted equally (unit weight)

function used for fitting: f(x)
fitted parameters initialized with current variable values



 Iteration 0
 WSSR        : 32.805            delta(WSSR)/WSSR   : 0
 delta(WSSR) : 0                 limit for stopping : 1e-005
 lambda	  : 1

initial set of free parameter values

flatamp         = 984.55

After 5 iterations the fit converged.
final sum of squares of residuals : 0
abs. change during last iteration : -2.58494e-026


Hmmmm.... Sum of squared residuals is zero. Can't compute errors.

Final set of parameters 
======================= 

flatamp         = 988.6          


*******************************************************************************
Fri Nov 04 15:22:17 2011


FIT:    data read from datapath.'1kohm_100ua_top.dat' every 1::1::2 using 1:2
        format = x:z
        #datapoints = 2
        residuals are weighted equally (unit weight)

function used for fitting: f(x)
fitted parameters initialized with current variable values



 Iteration 0
 WSSR        : 33.41             delta(WSSR)/WSSR   : 0
 delta(WSSR) : 0                 limit for stopping : 1e-005
 lambda	  : 1

initial set of free parameter values

flatamp         = 988.6

After 4 iterations the fit converged.
final sum of squares of residuals : 0.605
rel. change during last iteration : -3.72888e-013

degrees of freedom    (FIT_NDF)                        : 1
rms of residuals      (FIT_STDFIT) = sqrt(WSSR/ndf)    : 0.777817
variance of residuals (reduced chisquare) = WSSR/ndf   : 0.605

Final set of parameters            Asymptotic Standard Error
=======================            ==========================

flatamp         = 984.55           +/- 0.55         (0.05586%)


correlation matrix of the fit parameters:

               flatam 
flatamp         1.000 


*******************************************************************************
Fri Nov 04 15:23:49 2011


FIT:    data read from datapath.'1kohm_100ua_top.dat' every 1::1::2 using 1:2
        format = x:z
        #datapoints = 2
        residuals are weighted equally (unit weight)

function used for fitting: f(x)
fitted parameters initialized with current variable values



 Iteration 0
 WSSR        : 0.605             delta(WSSR)/WSSR   : 0
 delta(WSSR) : 0                 limit for stopping : 1e-005
 lambda	  : 1

initial set of free parameter values

flatamp         = 984.55

After 4 iterations the fit converged.
final sum of squares of residuals : 0
abs. change during last iteration : -4.15926e-015


Hmmmm.... Sum of squared residuals is zero. Can't compute errors.

Final set of parameters 
======================= 

flatamp         = 985.1          


*******************************************************************************
Fri Nov 04 15:29:21 2011


FIT:    data read from datapath.'1kohm_100ua_top.dat' every 1::1::2 using 1:2
        format = x:z
        #datapoints = 2
        residuals are weighted equally (unit weight)

function used for fitting: f(x)
fitted parameters initialized with current variable values



 Iteration 0
 WSSR        : 0                 delta(WSSR)/WSSR   : 0
 delta(WSSR) : 0                 limit for stopping : 1e-005
 lambda	  : 1

initial set of free parameter values

flatamp         = 985.1

After 1 iterations the fit converged.
final sum of squares of residuals : 0
abs. change during last iteration : 0


Hmmmm.... Sum of squared residuals is zero. Can't compute errors.

Final set of parameters 
======================= 

flatamp         = 985.1          


*******************************************************************************
Mon Nov 07 10:11:42 2011


FIT:    data read from datapath.'1k_1ma_100pts.dat' every 1::1::2 using 1:2
        format = x:z
        #datapoints = 2
        residuals are weighted equally (unit weight)

function used for fitting: f(x)
fitted parameters initialized with current variable values



 Iteration 0
 WSSR        : 1.93592e+006      delta(WSSR)/WSSR   : 0
 delta(WSSR) : 0                 limit for stopping : 1e-005
 lambda	  : 1

initial set of free parameter values

flatamp         = 1

After 4 iterations the fit converged.
final sum of squares of residuals : 0.005
rel. change during last iteration : -2.66183e-006

degrees of freedom    (FIT_NDF)                        : 1
rms of residuals      (FIT_STDFIT) = sqrt(WSSR/ndf)    : 0.0707107
variance of residuals (reduced chisquare) = WSSR/ndf   : 0.005

Final set of parameters            Asymptotic Standard Error
=======================            ==========================

flatamp         = 984.85           +/- 0.05         (0.005077%)


correlation matrix of the fit parameters:

               flatam 
flatamp         1.000 
