--------------------------------------------------------------------------------
Release 13.1 Trace  (nt)
Copyright (c) 1995-2011 Xilinx, Inc.  All rights reserved.

c:\Xilinx\13.1\ISE_DS\ISE\bin\nt\unwrapped\trce.exe -intstyle ise -v 3 -s 2 -n
3 -fastpaths -xml decoder.twx decoder.ncd -o decoder.twr decoder.pcf

Design file:              decoder.ncd
Physical constraint file: decoder.pcf
Device,package,speed:     xc6slx45t,fgg484,C,-2 (PRODUCTION 1.17 2011-02-03)
Report level:             verbose report

Environment Variable      Effect 
--------------------      ------ 
NONE                      No environment variables were set
--------------------------------------------------------------------------------

INFO:Timing:2698 - No timing constraints found, doing default enumeration.
INFO:Timing:2752 - To get complete path coverage, use the unconstrained paths 
   option. All paths that are not constrained will be reported in the 
   unconstrained paths section(s) of the report.
INFO:Timing:3339 - The clock-to-out numbers in this timing report are based on 
   a 50 Ohm transmission line loading model.  For the details of this model, 
   and for more information on accounting for different loading conditions, 
   please see the device datasheet.



Data Sheet report:
-----------------
All values displayed in nanoseconds (ns)

Pad to Pad
---------------+---------------+---------+
Source Pad     |Destination Pad|  Delay  |
---------------+---------------+---------+
a<0>           |y<0>           |   18.769|
a<0>           |y<1>           |   18.861|
a<0>           |y<2>           |   16.844|
a<0>           |y<3>           |   18.394|
a<1>           |y<0>           |   18.921|
a<1>           |y<1>           |   19.013|
a<1>           |y<2>           |   17.317|
a<1>           |y<3>           |   18.867|
active_low     |y<0>           |   17.455|
active_low     |y<1>           |   17.547|
active_low     |y<2>           |   15.561|
active_low     |y<3>           |   17.111|
---------------+---------------+---------+


Analysis completed Tue Oct 11 16:09:24 2011 
--------------------------------------------------------------------------------

Trace Settings:
-------------------------
Trace Settings 

Peak Memory Usage: 161 MB



