Release 13.1 - xst O.40d (nt)
Copyright (c) 1995-2011 Xilinx, Inc.  All rights reserved.
--> Parameter TMPDIR set to xst/projnav.tmp


Total REAL time to Xst completion: 0.00 secs
Total CPU time to Xst completion: 0.14 secs
 
--> Parameter xsthdpdir set to xst


Total REAL time to Xst completion: 0.00 secs
Total CPU time to Xst completion: 0.14 secs
 
--> Reading design: alu.prj

TABLE OF CONTENTS
  1) Synthesis Options Summary
  2) HDL Parsing
  3) HDL Elaboration
  4) HDL Synthesis
       4.1) HDL Synthesis Report
  5) Advanced HDL Synthesis
       5.1) Advanced HDL Synthesis Report
  6) Low Level Synthesis
  7) Partition Report
  8) Design Summary
       8.1) Primitive and Black Box Usage
       8.2) Device utilization summary
       8.3) Partition Resource Summary
       8.4) Timing Report
            8.4.1) Clock Information
            8.4.2) Asynchronous Control Signals Information
            8.4.3) Timing Summary
            8.4.4) Timing Details
            8.4.5) Cross Clock Domains Report


=========================================================================
*                      Synthesis Options Summary                        *
=========================================================================
---- Source Parameters
Input File Name                    : "alu.prj"
Input Format                       : mixed
Ignore Synthesis Constraint File   : NO

---- Target Parameters
Output File Name                   : "alu"
Output Format                      : NGC
Target Device                      : xc6slx4-3-tqg144

---- Source Options
Top Module Name                    : alu
Automatic FSM Extraction           : YES
FSM Encoding Algorithm             : Auto
Safe Implementation                : No
FSM Style                          : LUT
RAM Extraction                     : Yes
RAM Style                          : Auto
ROM Extraction                     : Yes
Shift Register Extraction          : YES
ROM Style                          : Auto
Resource Sharing                   : YES
Asynchronous To Synchronous        : NO
Shift Register Minimum Size        : 2
Use DSP Block                      : Auto
Automatic Register Balancing       : No

---- Target Options
LUT Combining                      : Auto
Reduce Control Sets                : Auto
Add IO Buffers                     : YES
Global Maximum Fanout              : 100000
Add Generic Clock Buffer(BUFG)     : 16
Register Duplication               : YES
Optimize Instantiated Primitives   : NO
Use Clock Enable                   : Auto
Use Synchronous Set                : Auto
Use Synchronous Reset              : Auto
Pack IO Registers into IOBs        : Auto
Equivalent register Removal        : YES

---- General Options
Optimization Goal                  : Speed
Optimization Effort                : 1
Power Reduction                    : NO
Keep Hierarchy                     : No
Netlist Hierarchy                  : As_Optimized
RTL Output                         : Yes
Global Optimization                : AllClockNets
Read Cores                         : YES
Write Timing Constraints           : NO
Cross Clock Analysis               : NO
Hierarchy Separator                : /
Bus Delimiter                      : <>
Case Specifier                     : Maintain
Slice Utilization Ratio            : 100
BRAM Utilization Ratio             : 100
DSP48 Utilization Ratio            : 100
Auto BRAM Packing                  : NO
Slice Utilization Ratio Delta      : 5

=========================================================================


=========================================================================
*                          HDL Parsing                                  *
=========================================================================
Analyzing Verilog file \"C:\training\verilog\ex10\alu.v\" into library work
Parsing module <alu>.

=========================================================================
*                            HDL Elaboration                            *
=========================================================================

Elaborating module <alu>.

=========================================================================
*                           HDL Synthesis                               *
=========================================================================

Synthesizing Unit <alu>.
    Related source file is "c:/training/verilog/ex10/alu.v".
    Found 8-bit register for signal <F>.
    Found 9-bit subtractor for signal <A[7]_B[7]_sub_5_OUT> created at line 30.
    Found 9-bit subtractor for signal <B[7]_A[7]_sub_6_OUT> created at line 31.
    Found 9-bit subtractor for signal <A[7]_unary_minus_7_OUT> created at line 34.
    Found 9-bit subtractor for signal <B[7]_unary_minus_8_OUT> created at line 35.
    Found 9-bit adder for signal <A[7]_B[7]_add_3_OUT> created at line 29.
    Found 8-bit 15-to-1 multiplexer for signal <tempf> created at line 28.
    Found 8-bit comparator equal for signal <Equal> created at line 24
    Summary:
	inferred   5 Adder/Subtractor(s).
	inferred   8 D-type flip-flop(s).
	inferred   1 Comparator(s).
	inferred   1 Multiplexer(s).
Unit <alu> synthesized.

=========================================================================
HDL Synthesis Report

Macro Statistics
# Adders/Subtractors                                   : 5
 9-bit adder                                           : 1
 9-bit subtractor                                      : 4
# Registers                                            : 1
 8-bit register                                        : 1
# Comparators                                          : 1
 8-bit comparator equal                                : 1
# Multiplexers                                         : 1
 8-bit 15-to-1 multiplexer                             : 1

=========================================================================

=========================================================================
*                       Advanced HDL Synthesis                          *
=========================================================================


=========================================================================
Advanced HDL Synthesis Report

Macro Statistics
# Adders/Subtractors                                   : 5
 9-bit adder                                           : 1
 9-bit subtractor                                      : 4
# Registers                                            : 8
 Flip-Flops                                            : 8
# Comparators                                          : 1
 8-bit comparator equal                                : 1
# Multiplexers                                         : 1
 8-bit 15-to-1 multiplexer                             : 1

=========================================================================

=========================================================================
*                         Low Level Synthesis                           *
=========================================================================

Optimizing unit <alu> ...

Mapping all equations...
Building and optimizing final netlist ...
Found area constraint ratio of 100 (+ 5) on block alu, actual ratio is 4.

Final Macro Processing ...

=========================================================================
Final Register Report

Macro Statistics
# Registers                                            : 8
 Flip-Flops                                            : 8

=========================================================================

=========================================================================
*                           Partition Report                            *
=========================================================================

Partition Implementation Status
-------------------------------

  No Partitions were found in this design.

-------------------------------

=========================================================================
*                            Design Summary                             *
=========================================================================

Top Level Output File Name         : alu.ngc

Primitive and Black Box Usage:
------------------------------
# BELS                             : 134
#      GND                         : 1
#      LUT2                        : 29
#      LUT4                        : 5
#      LUT5                        : 9
#      LUT6                        : 36
#      MUXCY                       : 24
#      MUXF7                       : 2
#      VCC                         : 1
#      XORCY                       : 27
# FlipFlops/Latches                : 8
#      FD                          : 8
# Clock Buffers                    : 1
#      BUFGP                       : 1
# IO Buffers                       : 30
#      IBUF                        : 20
#      OBUF                        : 10

Device utilization summary:
---------------------------

Selected Device : 6slx4tqg144-3 


Slice Logic Utilization: 
 Number of Slice LUTs:                   79  out of   2400     3%  
    Number used as Logic:                79  out of   2400     3%  

Slice Logic Distribution: 
 Number of LUT Flip Flop pairs used:     79
   Number with an unused Flip Flop:      79  out of     79   100%  
   Number with an unused LUT:             0  out of     79     0%  
   Number of fully used LUT-FF pairs:     0  out of     79     0%  
   Number of unique control sets:         1

IO Utilization: 
 Number of IOs:                          31
 Number of bonded IOBs:                  31  out of    102    30%  
    IOB Flip Flops/Latches:               8

Specific Feature Utilization:
 Number of BUFG/BUFGCTRLs:                1  out of     16     6%  

---------------------------
Partition Resource Summary:
---------------------------

  No Partitions were found in this design.

---------------------------


=========================================================================
Timing Report

NOTE: THESE TIMING NUMBERS ARE ONLY A SYNTHESIS ESTIMATE.
      FOR ACCURATE TIMING INFORMATION PLEASE REFER TO THE TRACE REPORT
      GENERATED AFTER PLACE-and-ROUTE.

Clock Information:
------------------
-----------------------------------+------------------------+-------+
Clock Signal                       | Clock buffer(FF name)  | Load  |
-----------------------------------+------------------------+-------+
Clock                              | BUFGP                  | 8     |
-----------------------------------+------------------------+-------+

Asynchronous Control Signals Information:
----------------------------------------
No asynchronous control signals found in this design

Timing Summary:
---------------
Speed Grade: -3

   Minimum period: No path found
   Minimum input arrival time before clock: 5.349ns
   Maximum output required time after clock: 3.597ns
   Maximum combinational path delay: 8.188ns

Timing Details:
---------------
All values displayed in nanoseconds (ns)

=========================================================================
Timing constraint: Default OFFSET IN BEFORE for Clock 'Clock'
  Total number of paths / destination ports: 485 / 8
-------------------------------------------------------------------------
Offset:              5.349ns (Levels of Logic = 11)
  Source:            A<0> (PAD)
  Destination:       F_5 (FF)
  Destination Clock: Clock rising

  Data Path: A<0> to F_5
                                Gate     Net
    Cell:in->out      fanout   Delay   Delay  Logical Name (Net Name)
    ----------------------------------------  ------------
     IBUF:I->O            15   1.222   1.086  A_0_IBUF (A_0_IBUF)
     LUT2:I0->O            1   0.203   0.000  Madd_A[7]_B[7]_add_3_OUT_lut<0> (Madd_A[7]_B[7]_add_3_OUT_lut<0>)
     MUXCY:S->O            1   0.172   0.000  Madd_A[7]_B[7]_add_3_OUT_cy<0> (Madd_A[7]_B[7]_add_3_OUT_cy<0>)
     MUXCY:CI->O           1   0.019   0.000  Madd_A[7]_B[7]_add_3_OUT_cy<1> (Madd_A[7]_B[7]_add_3_OUT_cy<1>)
     MUXCY:CI->O           1   0.019   0.000  Madd_A[7]_B[7]_add_3_OUT_cy<2> (Madd_A[7]_B[7]_add_3_OUT_cy<2>)
     MUXCY:CI->O           1   0.019   0.000  Madd_A[7]_B[7]_add_3_OUT_cy<3> (Madd_A[7]_B[7]_add_3_OUT_cy<3>)
     MUXCY:CI->O           1   0.019   0.000  Madd_A[7]_B[7]_add_3_OUT_cy<4> (Madd_A[7]_B[7]_add_3_OUT_cy<4>)
     XORCY:CI->O           1   0.180   0.827  Madd_A[7]_B[7]_add_3_OUT_xor<5> (A[7]_B[7]_add_3_OUT<5>)
     LUT6:I2->O            1   0.203   0.944  tempf<5>1 (tempf<5>1)
     LUT6:I0->O            1   0.203   0.000  tempf<5>7_F (N01)
     MUXF7:I0->O           1   0.131   0.000  tempf<5>7 (tempf<5>)
     FD:D                      0.102          F_5
    ----------------------------------------
    Total                      5.349ns (2.492ns logic, 2.857ns route)
                                       (46.6% logic, 53.4% route)

=========================================================================
Timing constraint: Default OFFSET OUT AFTER for Clock 'Clock'
  Total number of paths / destination ports: 8 / 8
-------------------------------------------------------------------------
Offset:              3.597ns (Levels of Logic = 1)
  Source:            F_7 (FF)
  Destination:       F<7> (PAD)
  Source Clock:      Clock rising

  Data Path: F_7 to F<7>
                                Gate     Net
    Cell:in->out      fanout   Delay   Delay  Logical Name (Net Name)
    ----------------------------------------  ------------
     FD:C->Q               1   0.447   0.579  F_7 (F_7)
     OBUF:I->O                 2.571          F_7_OBUF (F<7>)
    ----------------------------------------
    Total                      3.597ns (3.018ns logic, 0.579ns route)
                                       (83.9% logic, 16.1% route)

=========================================================================
Timing constraint: Default path analysis
  Total number of paths / destination ports: 124 / 2
-------------------------------------------------------------------------
Delay:               8.188ns (Levels of Logic = 14)
  Source:            A<0> (PAD)
  Destination:       Cout (PAD)

  Data Path: A<0> to Cout
                                Gate     Net
    Cell:in->out      fanout   Delay   Delay  Logical Name (Net Name)
    ----------------------------------------  ------------
     IBUF:I->O            15   1.222   1.086  A_0_IBUF (A_0_IBUF)
     LUT2:I0->O            1   0.203   0.000  Msub_A[7]_B[7]_sub_5_OUT_lut<0> (Msub_A[7]_B[7]_sub_5_OUT_lut<0>)
     MUXCY:S->O            1   0.172   0.000  Msub_A[7]_B[7]_sub_5_OUT_cy<0> (Msub_A[7]_B[7]_sub_5_OUT_cy<0>)
     MUXCY:CI->O           1   0.019   0.000  Msub_A[7]_B[7]_sub_5_OUT_cy<1> (Msub_A[7]_B[7]_sub_5_OUT_cy<1>)
     MUXCY:CI->O           1   0.019   0.000  Msub_A[7]_B[7]_sub_5_OUT_cy<2> (Msub_A[7]_B[7]_sub_5_OUT_cy<2>)
     MUXCY:CI->O           1   0.019   0.000  Msub_A[7]_B[7]_sub_5_OUT_cy<3> (Msub_A[7]_B[7]_sub_5_OUT_cy<3>)
     MUXCY:CI->O           1   0.019   0.000  Msub_A[7]_B[7]_sub_5_OUT_cy<4> (Msub_A[7]_B[7]_sub_5_OUT_cy<4>)
     MUXCY:CI->O           1   0.019   0.000  Msub_A[7]_B[7]_sub_5_OUT_cy<5> (Msub_A[7]_B[7]_sub_5_OUT_cy<5>)
     MUXCY:CI->O           1   0.019   0.000  Msub_A[7]_B[7]_sub_5_OUT_cy<6> (Msub_A[7]_B[7]_sub_5_OUT_cy<6>)
     MUXCY:CI->O           0   0.019   0.000  Msub_A[7]_B[7]_sub_5_OUT_cy<7> (Msub_A[7]_B[7]_sub_5_OUT_cy<7>)
     XORCY:CI->O           1   0.180   0.827  Msub_A[7]_B[7]_sub_5_OUT_xor<8> (A[7]_B[7]_sub_5_OUT<8>)
     LUT4:I0->O            1   0.203   0.808  Cout4 (Cout4)
     LUT5:I2->O            1   0.205   0.579  Cout5 (Cout_OBUF)
     OBUF:I->O                 2.571          Cout_OBUF (Cout)
    ----------------------------------------
    Total                      8.188ns (4.889ns logic, 3.299ns route)
                                       (59.7% logic, 40.3% route)

=========================================================================

Cross Clock Domains Report:
--------------------------

=========================================================================


Total REAL time to Xst completion: 4.00 secs
Total CPU time to Xst completion: 4.38 secs
 
--> 

Total memory usage is 134532 kilobytes

Number of errors   :    0 (   0 filtered)
Number of warnings :    0 (   0 filtered)
Number of infos    :    0 (   0 filtered)

