// Comprehensive Verilog version 7 exercise 10
// Expected-outputs file for ALU exercise
// This file is read into the test fixture using $readmemb()
//
0000000001
0000000001
0000000001
0000000001
0000000001
00000000X1
XXXXXXXXX1
XXXXXXXX01
0000000001
0000000001
0000000001
0000000001
0000000001
0000000001
0000000001
0000000001
0000000001
0000000001
0000000001
0000000001
0000000001
0000000001
0000000001
00000000X1
XXXXXXXXX1
XXXXXXXXX1
XXXXXXXXX1
XXXXXXXX01
0000000001
0000000011
1111111111
1111111100
0000000100
0000000100
0000000100
0000000110
1111111110
11111111X0
XXXXXXXXX0
XXXXXXXX00
0000000100
0000000100
0000000000
0000000010
1111111110
1111111100
0000000000
0000000000
0000001000
0000001000
0000000000
0000000000
0000001000
0000001000
1000000000
10000000X0
XXXXXXXXX0
XXXXXXXXX0
XXXXXXXXX0
XXXXXXXX00
0000000000
0000000010
1111111110
1111111100
0000001100
0000001100
0000001100
0000001110
1111110110
11111101X0
XXXXXXXXX0
XXXXXXXX00
0000001100
0000001100
0000000000
0000000010
1111110110
1111110100
0000000000
0000000000
0000011000
0000011000
0000000100
0000000100
0000011000
0000011000
1000000100
10000001X0
XXXXXXXXX0
XXXXXXXXX0
XXXXXXXXX0
XXXXXXXX00
0000000000
0000000010
1111111110
1111111100
0000100000
0000100000
0000100000
0000100010
1111100010
11111000X0
XXXXXXXXX0
XXXXXXXX00
0000100000
0000100000
0000000000
0000000010
1111100010
1111100000
0000000000
0000000000
0001000000
0001000000
0000010000
0000010000
0001000000
0001000000
0000010000
00000100X0
XXXXXXXXX0
XXXXXXXXX0
XXXXXXXXX0
XXXXXXXX00
0000000000
0000000010
1111111110
1111111100
0000111100
0000111100
0000111100
0000111110
1111000110
11110001X0
XXXXXXXXX0
XXXXXXXX00
0000111100
0000111100
0000000000
0000000010
1111000110
1111000100
0000000000
0000000000
0001111000
0001111000
0000011100
0000011100
0001111000
0001111000
1000011100
10000111X0
XXXXXXXXX0
XXXXXXXXX0
XXXXXXXXX0
XXXXXXXX00
0000000000
0000000010
1111111110
1111111110
1000000010
1000000010
1000000010
1000000000
1000000000
10000000X0
XXXXXXXXX0
XXXXXXXX10
1000000010
1000000000
0000000000
0000000000
1000000000
1000000000
0000000000
0000000010
0000000010
0000000000
0100000000
0100000010
0000000110
0000000100
0100000000
01000000X0
XXXXXXXXX0
XXXXXXXXX0
XXXXXXXXX0
XXXXXXXX00
0000000000
0000000010
1111111110
1111111110
1111100010
1111100010
1111100010
1111100000
0000100000
00001000X0
XXXXXXXXX0
XXXXXXXX10
1111100010
1111100000
0000000000
0000000000
0000100000
0000100000
0000000000
0000000010
1111000010
1111000000
0111110000
0111110010
1111000110
1111000100
0111110000
01111100X0
XXXXXXXXX0
XXXXXXXXX0
XXXXXXXXX0
XXXXXXXX00
0000000000
0000000010
1111111110
1111111110
1111111110
1111111110
1111111110
1111111100
0000000100
00000001X0
XXXXXXXXX0
XXXXXXXX10
1111111110
1111111100
0000000000
0000000000
0000000100
0000000100
0000000000
0000000010
1111111010
1111111000
0111111100
0111111110
1111111110
1111111100
1111111100
11111111X0
XXXXXXXXX0
XXXXXXXXX0
XXXXXXXXX0
XXXXXXXX00
0000000000
0000000010
1111111110
1111111100
0000000100
0000000110
1111111110
1111111100
0000000100
00000001X0
XXXXXXXXX0
XXXXXXXX00
0000000000
0000000000
0000000100
0000000100
0000000000
0000000010
1111111110
1111111100
0000000000
0000000000
0000000000
0000000000
0000000000
0000000000
0000000000
00000000X0
XXXXXXXXX0
XXXXXXXXX0
XXXXXXXXX0
XXXXXXXX00
0000000000
0000000010
1111111110
1111111101
0000001001
0000001001
0000000001
0000000001
0000000001
00000000X1
XXXXXXXXX1
XXXXXXXX01
0000000101
0000000101
0000000101
0000000111
1111111111
1111111111
1111111111
1111111101
0000001001
0000001001
0000000001
0000000001
0000001001
0000001001
1000000001
10000000X1
XXXXXXXXX1
XXXXXXXXX1
XXXXXXXXX1
XXXXXXXX01
0000000001
0000000011
1111111111
1111111100
0000010000
0000010000
0000001000
0000001010
1111111010
11111110X0
XXXXXXXXX0
XXXXXXXX00
0000001100
0000001100
0000000100
0000000110
1111110110
1111110110
1111111110
1111111100
0000011000
0000011000
0000000100
0000000100
0000011000
0000011000
1000000100
10000001X0
XXXXXXXXX0
XXXXXXXXX0
XXXXXXXXX0
XXXXXXXX00
0000000000
0000000010
1111111110
1111111100
0000100100
0000100100
0000011100
0000011110
1111100110
11111001X0
XXXXXXXXX0
XXXXXXXX00
0000100000
0000100000
0000000100
0000000110
1111100010
1111100010
1111111110
1111111100
0001000000
0001000000
0000010000
0000010000
0001000000
0001000000
0000010000
00000100X0
XXXXXXXXX0
XXXXXXXXX0
XXXXXXXXX0
XXXXXXXX00
0000000000
0000000010
1111111110
1111111100
0001000000
0001000000
0000111000
0000111010
1111001010
11110010X0
XXXXXXXXX0
XXXXXXXX00
0000111100
0000111100
0000000100
0000000110
1111000110
1111000110
1111111110
1111111100
0001111000
0001111000
0000011100
0000011100
0001111000
0001111000
1000011100
10000111X0
XXXXXXXXX0
XXXXXXXXX0
XXXXXXXXX0
XXXXXXXX00
0000000000
0000000010
1111111110
1111111110
1000000110
1000000110
0111111110
0111111100
1000000100
10000001X0
XXXXXXXXX0
XXXXXXXX10
1000000010
1000000000
0000000100
0000000100
1000000000
1000000010
1111111110
1111111110
0000000010
0000000000
0100000000
0100000010
0000000110
0000000100
0100000000
01000000X0
XXXXXXXXX0
XXXXXXXXX0
XXXXXXXXX0
XXXXXXXX00
0000000000
0000000010
1111111110
1111111110
1111100110
1111100110
1111011110
1111011100
0000100100
00001001X0
XXXXXXXXX0
XXXXXXXX10
1111100010
1111100000
0000000100
0000000100
0000100000
0000100010
1111111110
1111111110
1111000010
1111000000
0111110000
0111110010
1111000110
1111000100
0111110000
01111100X0
XXXXXXXXX0
XXXXXXXXX0
XXXXXXXXX0
XXXXXXXX00
0000000000
0000000010
1111111110
1111111100
0000000000
0000000010
1111111010
1111111000
0000001000
00000010X0
XXXXXXXXX0
XXXXXXXX10
1111111110
1111111100
0000000100
0000000100
0000000100
0000000110
1111111110
1111111110
1111111010
1111111000
0111111100
0111111110
1111111110
1111111100
1111111100
11111111X0
XXXXXXXXX0
XXXXXXXXX0
XXXXXXXXX0
XXXXXXXX00
0000000000
0000000010
1111111110
1111111100
0000001100
0000001110
1111110110
1111110100
0000001100
00000011X0
XXXXXXXXX0
XXXXXXXX00
0000000000
0000000000
0000001100
0000001100
0000000000
0000000010
1111110110
1111110100
0000000000
0000000000
0000000000
0000000000
0000000000
0000000000
0000000000
00000000X0
XXXXXXXXX0
XXXXXXXXX0
XXXXXXXXX0
XXXXXXXX00
0000000000
0000000010
1111111110
1111111100
0000010000
0000010010
1111111010
1111111000
0000001000
00000010X0
XXXXXXXXX0
XXXXXXXX00
0000000100
0000000100
0000001100
0000001110
1111111110
1111111110
1111110110
1111110100
0000001000
0000001000
0000000000
0000000000
0000001000
0000001000
1000000000
10000000X0
XXXXXXXXX0
XXXXXXXXX0
XXXXXXXXX0
XXXXXXXX00
0000000000
0000000010
1111111110
1111111101
0000011001
0000011001
0000000001
0000000001
0000000001
00000000X1
XXXXXXXXX1
XXXXXXXX01
0000001101
0000001101
0000001101
0000001111
1111110111
1111110111
1111110111
1111110101
0000011001
0000011001
0000000101
0000000101
0000011001
0000011001
1000000101
10000001X1
XXXXXXXXX1
XXXXXXXXX1
XXXXXXXXX1
XXXXXXXX01
0000000001
0000000011
1111111111
1111111100
0000101100
0000101100
0000010100
0000010110
1111101110
11111011X0
XXXXXXXXX0
XXXXXXXX00
0000100000
0000100000
0000001100
0000001110
1111100010
1111100010
1111110110
1111110100
0001000000
0001000000
0000010000
0000010000
0001000000
0001000000
0000010000
00000100X0
XXXXXXXXX0
XXXXXXXXX0
XXXXXXXXX0
XXXXXXXX00
0000000000
0000000010
1111111110
1111111100
0001001000
0001001000
0000110000
0000110010
1111010010
11110100X0
XXXXXXXXX0
XXXXXXXX00
0000111100
0000111100
0000001100
0000001110
1111000110
1111000110
1111110110
1111110100
0001111000
0001111000
0000011100
0000011100
0001111000
0001111000
1000011100
10000111X0
XXXXXXXXX0
XXXXXXXXX0
XXXXXXXXX0
XXXXXXXX00
0000000000
0000000010
1111111110
1111111110
1000001110
1000001110
0111110110
0111110100
1000001100
10000011X0
XXXXXXXXX0
XXXXXXXX10
1000000010
1000000000
0000001100
0000001100
1000000000
1000000010
1111110110
1111110110
0000000010
0000000000
0100000000
0100000010
0000000110
0000000100
0100000000
01000000X0
XXXXXXXXX0
XXXXXXXXX0
XXXXXXXXX0
XXXXXXXX00
0000000000
0000000010
1111111110
1111111110
1111101110
1111101110
1111010110
1111010100
0000101100
00001011X0
XXXXXXXXX0
XXXXXXXX10
1111100010
1111100000
0000001100
0000001100
0000100000
0000100010
1111110110
1111110110
1111000010
1111000000
0111110000
0111110010
1111000110
1111000100
0111110000
01111100X0
XXXXXXXXX0
XXXXXXXXX0
XXXXXXXXX0
XXXXXXXX00
0000000000
0000000010
1111111110
1111111100
0000001000
0000001010
1111110010
1111110000
0000010000
00000100X0
XXXXXXXXX0
XXXXXXXX10
1111111110
1111111100
0000001100
0000001100
0000000100
0000000110
1111110110
1111110110
1111111010
1111111000
0111111100
0111111110
1111111110
1111111100
1111111100
11111111X0
XXXXXXXXX0
XXXXXXXXX0
XXXXXXXXX0
XXXXXXXX00
0000000000
0000000010
1111111110
1111111100
0000100000
0000100010
1111100010
1111100000
0000100000
00001000X0
XXXXXXXXX0
XXXXXXXX00
0000000000
0000000000
0000100000
0000100000
0000000000
0000000010
1111100010
1111100000
0000000000
0000000000
0000000000
0000000000
0000000000
0000000000
0000000000
00000000X0
XXXXXXXXX0
XXXXXXXXX0
XXXXXXXXX0
XXXXXXXX00
0000000000
0000000010
1111111110
1111111100
0000100100
0000100110
1111100110
1111100100
0000011100
00000111X0
XXXXXXXXX0
XXXXXXXX00
0000000100
0000000100
0000100000
0000100010
1111111110
1111111110
1111100010
1111100000
0000001000
0000001000
0000000000
0000000000
0000001000
0000001000
1000000000
10000000X0
XXXXXXXXX0
XXXXXXXXX0
XXXXXXXXX0
XXXXXXXX00
0000000000
0000000010
1111111110
1111111100
0000101100
0000101110
1111101110
1111101100
0000010100
00000101X0
XXXXXXXXX0
XXXXXXXX00
0000001100
0000001100
0000100000
0000100010
1111110110
1111110110
1111100010
1111100000
0000011000
0000011000
0000000100
0000000100
0000011000
0000011000
1000000100
10000001X0
XXXXXXXXX0
XXXXXXXXX0
XXXXXXXXX0
XXXXXXXX00
0000000000
0000000010
1111111110
1111111101
0001000001
0001000001
0000000001
0000000001
0000000001
00000000X1
XXXXXXXXX1
XXXXXXXX01
0000100001
0000100001
0000100001
0000100011
1111100011
1111100011
1111100011
1111100001
0001000001
0001000001
0000010001
0000010001
0001000001
0001000001
0000010001
00000100X1
XXXXXXXXX1
XXXXXXXXX1
XXXXXXXXX1
XXXXXXXX01
0000000001
0000000011
1111111111
1111111100
0001011100
0001011100
0000011100
0000011110
1111100110
11111001X0
XXXXXXXXX0
XXXXXXXX00
0000111100
0000111100
0000100000
0000100010
1111000110
1111000110
1111100010
1111100000
0001111000
0001111000
0000011100
0000011100
0001111000
0001111000
1000011100
10000111X0
XXXXXXXXX0
XXXXXXXXX0
XXXXXXXXX0
XXXXXXXX00
0000000000
0000000010
1111111110
1111111110
1000100010
1000100010
0111100010
0111100000
1000100000
10001000X0
XXXXXXXXX0
XXXXXXXX10
1000000010
1000000000
0000100000
0000100000
1000000000
1000000010
1111100010
1111100010
0000000010
0000000000
0100000000
0100000010
0000000110
0000000100
0100000000
01000000X0
XXXXXXXXX0
XXXXXXXXX0
XXXXXXXXX0
XXXXXXXX00
0000000000
0000000010
1111111110
1111111100
0000000000
0000000010
1111000010
1111000000
0001000000
00010000X0
XXXXXXXXX0
XXXXXXXX10
1111100010
1111100000
0000100000
0000100000
0000100000
0000100010
1111100010
1111100010
1111000010
1111000000
0111110000
0111110010
1111000110
1111000100
0111110000
01111100X0
XXXXXXXXX0
XXXXXXXXX0
XXXXXXXXX0
XXXXXXXX00
0000000000
0000000010
1111111110
1111111100
0000011100
0000011110
1111011110
1111011100
0000100100
00001001X0
XXXXXXXXX0
XXXXXXXX10
1111111110
1111111100
0000100000
0000100000
0000000100
0000000110
1111100010
1111100010
1111111010
1111111000
0111111100
0111111110
1111111110
1111111100
1111111100
11111111X0
XXXXXXXXX0
XXXXXXXXX0
XXXXXXXXX0
XXXXXXXX00
0000000000
0000000010
1111111110
1111111100
0000111100
0000111110
1111000110
1111000100
0000111100
00001111X0
XXXXXXXXX0
XXXXXXXX00
0000000000
0000000000
0000111100
0000111100
0000000000
0000000010
1111000110
1111000100
0000000000
0000000000
0000000000
0000000000
0000000000
0000000000
0000000000
00000000X0
XXXXXXXXX0
XXXXXXXXX0
XXXXXXXXX0
XXXXXXXX00
0000000000
0000000010
1111111110
1111111100
0001000000
0001000010
1111001010
1111001000
0000111000
00001110X0
XXXXXXXXX0
XXXXXXXX00
0000000100
0000000100
0000111100
0000111110
1111111110
1111111110
1111000110
1111000100
0000001000
0000001000
0000000000
0000000000
0000001000
0000001000
1000000000
10000000X0
XXXXXXXXX0
XXXXXXXXX0
XXXXXXXXX0
XXXXXXXX00
0000000000
0000000010
1111111110
1111111100
0001001000
0001001010
1111010010
1111010000
0000110000
00001100X0
XXXXXXXXX0
XXXXXXXX00
0000001100
0000001100
0000111100
0000111110
1111110110
1111110110
1111000110
1111000100
0000011000
0000011000
0000000100
0000000100
0000011000
0000011000
1000000100
10000001X0
XXXXXXXXX0
XXXXXXXXX0
XXXXXXXXX0
XXXXXXXX00
0000000000
0000000010
1111111110
1111111100
0001011100
0001011110
1111100110
1111100100
0000011100
00000111X0
XXXXXXXXX0
XXXXXXXX00
0000100000
0000100000
0000111100
0000111110
1111100010
1111100010
1111000110
1111000100
0001000000
0001000000
0000010000
0000010000
0001000000
0001000000
0000010000
00000100X0
XXXXXXXXX0
XXXXXXXXX0
XXXXXXXXX0
XXXXXXXX00
0000000000
0000000010
1111111110
1111111101
0001111001
0001111001
0000000001
0000000001
0000000001
00000000X1
XXXXXXXXX1
XXXXXXXX01
0000111101
0000111101
0000111101
0000111111
1111000111
1111000111
1111000111
1111000101
0001111001
0001111001
0000011101
0000011101
0001111001
0001111001
1000011101
10000111X1
XXXXXXXXX1
XXXXXXXXX1
XXXXXXXXX1
XXXXXXXX01
0000000001
0000000011
1111111111
1111111110
1000111110
1000111110
0111000110
0111000100
1000111100
10001111X0
XXXXXXXXX0
XXXXXXXX10
1000000010
1000000000
0000111100
0000111100
1000000000
1000000010
1111000110
1111000110
0000000010
0000000000
0100000000
0100000010
0000000110
0000000100
0100000000
01000000X0
XXXXXXXXX0
XXXXXXXXX0
XXXXXXXXX0
XXXXXXXX00
0000000000
0000000010
1111111110
1111111100
0000011100
0000011110
1110100110
1110100100
0001011100
00010111X0
XXXXXXXXX0
XXXXXXXX10
1111100010
1111100000
0000111100
0000111100
0000100000
0000100010
1111000110
1111000110
1111000010
1111000000
0111110000
0111110010
1111000110
1111000100
0111110000
01111100X0
XXXXXXXXX0
XXXXXXXXX0
XXXXXXXXX0
XXXXXXXX00
0000000000
0000000010
1111111110
1111111100
0000111000
0000111010
1111000010
1111000000
0001000000
00010000X0
XXXXXXXXX0
XXXXXXXX10
1111111110
1111111100
0000111100
0000111100
0000000100
0000000110
1111000110
1111000110
1111111010
1111111000
0111111100
0111111110
1111111110
1111111100
1111111100
11111111X0
XXXXXXXXX0
XXXXXXXXX0
XXXXXXXXX0
XXXXXXXX00
0000000000
0000000010
1111111110
1111111110
1000000010
1000000000
1000000000
1000000010
1000000010
10000000X0
XXXXXXXXX0
XXXXXXXX00
0000000000
0000000010
1000000010
1000000000
0000000000
0000000000
1000000000
1000000000
0000000000
0000000000
0000000000
0000000000
0000000000
0000000000
0000000000
00000000X0
XXXXXXXXX0
XXXXXXXXX0
XXXXXXXXX0
XXXXXXXX00
0000000000
0000000010
1111111110
1111111110
1000000110
1000000100
1000000100
1000000110
0111111110
01111111X0
XXXXXXXXX0
XXXXXXXX00
0000000100
0000000110
1000000010
1000000010
1111111110
1111111100
1000000000
1000000000
0000001000
0000001000
0000000000
0000000000
0000001000
0000001000
1000000000
10000000X0
XXXXXXXXX0
XXXXXXXXX0
XXXXXXXXX0
XXXXXXXX00
0000000000
0000000010
1111111110
1111111110
1000001110
1000001100
1000001100
1000001110
0111110110
01111101X0
XXXXXXXXX0
XXXXXXXX00
0000001100
0000001110
1000000010
1000000010
1111110110
1111110100
1000000000
1000000000
0000011000
0000011000
0000000100
0000000100
0000011000
0000011000
1000000100
10000001X0
XXXXXXXXX0
XXXXXXXXX0
XXXXXXXXX0
XXXXXXXX00
0000000000
0000000010
1111111110
1111111110
1000100010
1000100000
1000100000
1000100010
0111100010
01111000X0
XXXXXXXXX0
XXXXXXXX00
0000100000
0000100010
1000000010
1000000010
1111100010
1111100000
1000000000
1000000000
0001000000
0001000000
0000010000
0000010000
0001000000
0001000000
0000010000
00000100X0
XXXXXXXXX0
XXXXXXXXX0
XXXXXXXXX0
XXXXXXXX00
0000000000
0000000010
1111111110
1111111110
1000111110
1000111100
1000111100
1000111110
0111000110
01110001X0
XXXXXXXXX0
XXXXXXXX00
0000111100
0000111110
1000000010
1000000010
1111000110
1111000100
1000000000
1000000000
0001111000
0001111000
0000011100
0000011100
0001111000
0001111000
1000011100
10000111X0
XXXXXXXXX0
XXXXXXXXX0
XXXXXXXXX0
XXXXXXXX00
0000000000
0000000010
1111111110
1111111111
0000000011
0000000001
0000000001
0000000001
0000000001
00000000X1
XXXXXXXXX1
XXXXXXXX11
1000000011
1000000011
1000000011
1000000001
1000000001
1000000001
1000000001
1000000011
0000000011
0000000001
0100000001
0100000011
0000000111
0000000101
0100000001
01000000X1
XXXXXXXXX1
XXXXXXXXX1
XXXXXXXXX1
XXXXXXXX01
0000000001
0000000011
1111111111
1111111110
0111100010
0111100000
0111100000
0111100010
1000100010
10001000X0
XXXXXXXXX0
XXXXXXXX10
1111100010
1111100010
1000000010
1000000000
0000100000
0000100000
1000000000
1000000010
1111000010
1111000000
0111110000
0111110010
1111000110
1111000100
0111110000
01111100X0
XXXXXXXXX0
XXXXXXXXX0
XXXXXXXXX0
XXXXXXXX00
0000000000
0000000010
1111111110
1111111110
0111111110
0111111100
0111111100
0111111110
1000000110
10000001X0
XXXXXXXXX0
XXXXXXXX10
1111111110
1111111110
1000000010
1000000000
0000000100
0000000100
1000000000
1000000010
1111111010
1111111000
0111111100
0111111110
1111111110
1111111100
1111111100
11111111X0
XXXXXXXXX0
XXXXXXXXX0
XXXXXXXXX0
XXXXXXXX00
0000000000
0000000010
1111111110
1111111110
1111100010
1111100000
0000100000
0000100010
1111100010
11111000X0
XXXXXXXXX0
XXXXXXXX00
0000000000
0000000010
1111100010
1111100000
0000000000
0000000000
0000100000
0000100000
0000000000
0000000000
0000000000
0000000000
0000000000
0000000000
0000000000
00000000X0
XXXXXXXXX0
XXXXXXXXX0
XXXXXXXXX0
XXXXXXXX00
0000000000
0000000010
1111111110
1111111110
1111100110
1111100100
0000100100
0000100110
1111011110
11110111X0
XXXXXXXXX0
XXXXXXXX00
0000000100
0000000110
1111100010
1111100010
1111111110
1111111100
0000100000
0000100000
0000001000
0000001000
0000000000
0000000000
0000001000
0000001000
1000000000
10000000X0
XXXXXXXXX0
XXXXXXXXX0
XXXXXXXXX0
XXXXXXXX00
0000000000
0000000010
1111111110
1111111110
1111101110
1111101100
0000101100
0000101110
1111010110
11110101X0
XXXXXXXXX0
XXXXXXXX00
0000001100
0000001110
1111100010
1111100010
1111110110
1111110100
0000100000
0000100000
0000011000
0000011000
0000000100
0000000100
0000011000
0000011000
1000000100
10000001X0
XXXXXXXXX0
XXXXXXXXX0
XXXXXXXXX0
XXXXXXXX00
0000000000
0000000010
1111111110
1111111100
0000000000
0000000000
0001000000
0001000010
1111000010
11110000X0
XXXXXXXXX0
XXXXXXXX00
0000100000
0000100010
1111100010
1111100010
1111100010
1111100000
0000100000
0000100000
0001000000
0001000000
0000010000
0000010000
0001000000
0001000000
0000010000
00000100X0
XXXXXXXXX0
XXXXXXXXX0
XXXXXXXXX0
XXXXXXXX00
0000000000
0000000010
1111111110
1111111100
0000011100
0000011100
0001011100
0001011110
1110100110
11101001X0
XXXXXXXXX0
XXXXXXXX00
0000111100
0000111110
1111100010
1111100010
1111000110
1111000100
0000100000
0000100000
0001111000
0001111000
0000011100
0000011100
0001111000
0001111000
1000011100
10000111X0
XXXXXXXXX0
XXXXXXXXX0
XXXXXXXXX0
XXXXXXXX00
0000000000
0000000010
1111111110
1111111110
0111100010
0111100010
1000100010
1000100000
0111100000
01111000X0
XXXXXXXXX0
XXXXXXXX10
1000000010
1000000010
1111100010
1111100000
1000000000
1000000000
0000100000
0000100010
0000000010
0000000000
0100000000
0100000010
0000000110
0000000100
0100000000
01000000X0
XXXXXXXXX0
XXXXXXXXX0
XXXXXXXXX0
XXXXXXXX00
0000000000
0000000010
1111111110
1111111111
1111000011
1111000001
0000000001
0000000001
0000000001
00000000X1
XXXXXXXXX1
XXXXXXXX11
1111100011
1111100011
1111100011
1111100001
0000100001
0000100001
0000100001
0000100011
1111000011
1111000001
0111110001
0111110011
1111000111
1111000101
0111110001
01111100X1
XXXXXXXXX1
XXXXXXXXX1
XXXXXXXXX1
XXXXXXXX01
0000000001
0000000011
1111111111
1111111110
1111011110
1111011100
0000011100
0000011110
1111100110
11111001X0
XXXXXXXXX0
XXXXXXXX10
1111111110
1111111110
1111100010
1111100000
0000000100
0000000100
0000100000
0000100010
1111111010
1111111000
0111111100
0111111110
1111111110
1111111100
1111111100
11111111X0
XXXXXXXXX0
XXXXXXXXX0
XXXXXXXXX0
XXXXXXXX00
0000000000
0000000010
1111111110
1111111110
1111111110
1111111100
0000000100
0000000110
1111111110
11111111X0
XXXXXXXXX0
XXXXXXXX00
0000000000
0000000010
1111111110
1111111100
0000000000
0000000000
0000000100
0000000100
0000000000
0000000000
0000000000
0000000000
0000000000
0000000000
0000000000
00000000X0
XXXXXXXXX0
XXXXXXXXX0
XXXXXXXXX0
XXXXXXXX00
0000000000
0000000010
1111111110
1111111100
0000000000
0000000000
0000001000
0000001010
1111111010
11111110X0
XXXXXXXXX0
XXXXXXXX00
0000000100
0000000110
1111111110
1111111110
1111111110
1111111100
0000000100
0000000100
0000001000
0000001000
0000000000
0000000000
0000001000
0000001000
1000000000
10000000X0
XXXXXXXXX0
XXXXXXXXX0
XXXXXXXXX0
XXXXXXXX00
0000000000
0000000010
1111111110
1111111100
0000001000
0000001000
0000010000
0000010010
1111110010
11111100X0
XXXXXXXXX0
XXXXXXXX00
0000001100
0000001110
1111111110
1111111110
1111110110
1111110100
0000000100
0000000100
0000011000
0000011000
0000000100
0000000100
0000011000
0000011000
1000000100
10000001X0
XXXXXXXXX0
XXXXXXXXX0
XXXXXXXXX0
XXXXXXXX00
0000000000
0000000010
1111111110
1111111100
0000011100
0000011100
0000100100
0000100110
1111011110
11110111X0
XXXXXXXXX0
XXXXXXXX00
0000100000
0000100010
1111111110
1111111110
1111100010
1111100000
0000000100
0000000100
0001000000
0001000000
0000010000
0000010000
0001000000
0001000000
0000010000
00000100X0
XXXXXXXXX0
XXXXXXXXX0
XXXXXXXXX0
XXXXXXXX00
0000000000
0000000010
1111111110
1111111100
0000111000
0000111000
0001000000
0001000010
1111000010
11110000X0
XXXXXXXXX0
XXXXXXXX00
0000111100
0000111110
1111111110
1111111110
1111000110
1111000100
0000000100
0000000100
0001111000
0001111000
0000011100
0000011100
0001111000
0001111000
1000011100
10000111X0
XXXXXXXXX0
XXXXXXXXX0
XXXXXXXXX0
XXXXXXXX00
0000000000
0000000010
1111111110
1111111110
0111111110
0111111110
1000000110
1000000100
0111111100
01111111X0
XXXXXXXXX0
XXXXXXXX10
1000000010
1000000010
1111111110
1111111100
1000000000
1000000000
0000000100
0000000110
0000000010
0000000000
0100000000
0100000010
0000000110
0000000100
0100000000
01000000X0
XXXXXXXXX0
XXXXXXXXX0
XXXXXXXXX0
XXXXXXXX00
0000000000
0000000010
1111111110
1111111110
1111011110
1111011110
1111100110
1111100100
0000011100
00000111X0
XXXXXXXXX0
XXXXXXXX10
1111100010
1111100010
1111111110
1111111100
0000100000
0000100000
0000000100
0000000110
1111000010
1111000000
0111110000
0111110010
1111000110
1111000100
0111110000
01111100X0
XXXXXXXXX0
XXXXXXXXX0
XXXXXXXXX0
XXXXXXXX00
0000000000
0000000010
1111111110
1111111111
1111111011
1111111001
0000000001
0000000001
0000000001
00000000X1
XXXXXXXXX1
XXXXXXXX11
1111111111
1111111111
1111111111
1111111101
0000000101
0000000101
0000000101
0000000111
1111111011
1111111001
0111111101
0111111111
1111111111
1111111101
1111111101
11111111X1
XXXXXXXXX1
XXXXXXXXX1
XXXXXXXXX1
XXXXXXXX01
0000000001
0000000011
1111111111
1111111101
1111111101
1111111101
1111111101
1111111101
1111111101
11111111X1
11111111X1
1111111101
1111111101
1111111101
1111111101
1111111101
1111111101
1111111101
1111111101
1111111101
1111111101
1111111101
1111111101
1111111101
1111111101
1111111101
1111111101
11111111X1
11111111X1
11111111X1
11111111X1
1111111101
1111111101
1111111111
1111111111
1111111100
1111111100
1111111100
1111111100
1111111110
1111111110
11111111X0
11111111X0
1111111100
1111111100
1111111100
1111111100
1111111110
1111111110
1111111100
1111111100
1111111100
1111111100
1111111100
1111111100
1111111100
1111111100
1111111100
1111111100
11111111X0
11111111X0
11111111X0
11111111X0
1111111100
1111111100
1111111110
1111111110
1111111100
1111111100
1111111100
1111111100
1111111110
1111111110
11111111X0
11111111X0
1111111100
1111111100
1111111100
1111111100
1111111110
1111111110
1111111100
1111111100
1111111100
1111111100
1111111100
1111111100
1111111100
1111111100
1111111100
1111111100
11111111X0
11111111X0
11111111X0
11111111X0
1111111100
1111111100
1111111110
1111111110
1111111100
1111111100
1111111100
1111111100
1111111110
1111111110
11111111X0
11111111X0
1111111100
1111111100
1111111100
1111111100
1111111110
1111111110
1111111100
1111111100
1111111100
1111111100
1111111100
1111111100
1111111100
1111111100
1111111100
1111111100
11111111X0
11111111X0
11111111X0
11111111X0
1111111100
1111111100
1111111110
1111111110
1111111100
1111111100
1111111100
1111111100
1111111110
1111111110
11111111X0
11111111X0
1111111100
1111111100
1111111100
1111111100
1111111110
1111111110
1111111100
1111111100
1111111100
1111111100
1111111100
1111111100
1111111100
1111111100
1111111100
1111111100
11111111X0
11111111X0
11111111X0
11111111X0
1111111100
1111111100
1111111110
1111111110
1111111110
1111111110
1111111110
1111111110
1111111100
1111111100
11111111X0
11111111X0
1111111110
1111111110
1111111100
1111111100
1111111100
1111111100
1111111100
1111111100
1111111110
1111111110
1111111100
1111111100
1111111110
1111111110
1111111100
1111111100
11111111X0
11111111X0
11111111X0
11111111X0
1111111100
1111111100
1111111110
1111111110
1111111110
1111111110
1111111110
1111111110
1111111100
1111111100
11111111X0
11111111X0
1111111110
1111111110
1111111100
1111111100
1111111100
1111111100
1111111100
1111111100
1111111110
1111111110
1111111100
1111111100
1111111110
1111111110
1111111100
1111111100
11111111X0
11111111X0
11111111X0
11111111X0
1111111100
1111111100
1111111110
1111111110
1111111110
1111111110
1111111110
1111111110
1111111100
1111111100
11111111X0
11111111X0
1111111110
1111111110
1111111100
1111111100
1111111100
1111111100
1111111100
1111111100
1111111110
1111111110
1111111100
1111111100
1111111110
1111111110
1111111100
1111111100
11111111X0
11111111X0
11111111X0
11111111X0
1111111100
1111111100
1111111110
1111111110
1111111100
1111111100
1111111110
1111111110
1111111100
1111111100
11111111X0
11111111X0
1111111100
1111111100
1111111100
1111111100
1111111100
1111111100
1111111110
1111111110
1111111100
1111111100
1111111100
1111111100
1111111100
1111111100
1111111100
1111111100
11111111X0
11111111X0
11111111X0
11111111X0
1111111100
1111111100
1111111110
1111111110
1111111101
1111111101
1111111101
1111111101
1111111101
1111111101
11111111X1
11111111X1
1111111101
1111111101
1111111101
1111111101
1111111111
1111111111
1111111111
1111111111
1111111101
1111111101
1111111101
1111111101
1111111101
1111111101
1111111101
1111111101
11111111X1
11111111X1
11111111X1
11111111X1
1111111101
1111111101
1111111111
1111111111
1111111100
1111111100
1111111100
1111111100
1111111110
1111111110
11111111X0
11111111X0
1111111100
1111111100
1111111100
1111111100
1111111110
1111111110
1111111110
1111111110
1111111100
1111111100
1111111100
1111111100
1111111100
1111111100
1111111100
1111111100
11111111X0
11111111X0
11111111X0
11111111X0
1111111100
1111111100
1111111110
1111111110
1111111100
1111111100
1111111100
1111111100
1111111110
1111111110
11111111X0
11111111X0
1111111100
1111111100
1111111100
1111111100
1111111110
1111111110
1111111110
1111111110
1111111100
1111111100
1111111100
1111111100
1111111100
1111111100
1111111100
1111111100
11111111X0
11111111X0
11111111X0
11111111X0
1111111100
1111111100
1111111110
1111111110
1111111100
1111111100
1111111100
1111111100
1111111110
1111111110
11111111X0
11111111X0
1111111100
1111111100
1111111100
1111111100
1111111110
1111111110
1111111110
1111111110
1111111100
1111111100
1111111100
1111111100
1111111100
1111111100
1111111100
1111111100
11111111X0
11111111X0
11111111X0
11111111X0
1111111100
1111111100
1111111110
1111111110
1111111110
1111111110
1111111110
1111111110
1111111100
1111111100
11111111X0
11111111X0
1111111110
1111111110
1111111100
1111111100
1111111100
1111111100
1111111110
1111111110
1111111110
1111111110
1111111100
1111111100
1111111110
1111111110
1111111100
1111111100
11111111X0
11111111X0
11111111X0
11111111X0
1111111100
1111111100
1111111110
1111111110
1111111110
1111111110
1111111110
1111111110
1111111100
1111111100
11111111X0
11111111X0
1111111110
1111111110
1111111100
1111111100
1111111100
1111111100
1111111110
1111111110
1111111110
1111111110
1111111100
1111111100
1111111110
1111111110
1111111100
1111111100
11111111X0
11111111X0
11111111X0
11111111X0
1111111100
1111111100
1111111110
1111111110
1111111100
1111111100
1111111110
1111111110
1111111100
1111111100
11111111X0
11111111X0
1111111110
1111111110
1111111100
1111111100
1111111100
1111111100
1111111110
1111111110
1111111110
1111111110
1111111100
1111111100
1111111110
1111111110
1111111100
1111111100
11111111X0
11111111X0
11111111X0
11111111X0
1111111100
1111111100
1111111110
1111111110
1111111100
1111111100
1111111110
1111111110
1111111100
1111111100
11111111X0
11111111X0
1111111100
1111111100
1111111100
1111111100
1111111100
1111111100
1111111110
1111111110
1111111100
1111111100
1111111100
1111111100
1111111100
1111111100
1111111100
1111111100
11111111X0
11111111X0
11111111X0
11111111X0
1111111100
1111111100
1111111110
1111111110
1111111100
1111111100
1111111110
1111111110
1111111100
1111111100
11111111X0
11111111X0
1111111100
1111111100
1111111100
1111111100
1111111110
1111111110
1111111110
1111111110
1111111100
1111111100
1111111100
1111111100
1111111100
1111111100
1111111100
1111111100
11111111X0
11111111X0
11111111X0
11111111X0
1111111100
1111111100
1111111110
1111111110
1111111101
1111111101
1111111101
1111111101
1111111101
1111111101
11111111X1
11111111X1
1111111101
1111111101
1111111101
1111111101
1111111111
1111111111
1111111111
1111111111
1111111101
1111111101
1111111101
1111111101
1111111101
1111111101
1111111101
1111111101
11111111X1
11111111X1
11111111X1
11111111X1
1111111101
1111111101
1111111111
1111111111
1111111100
1111111100
1111111100
1111111100
1111111110
1111111110
11111111X0
11111111X0
1111111100
1111111100
1111111100
1111111100
1111111110
1111111110
1111111110
1111111110
1111111100
1111111100
1111111100
1111111100
1111111100
1111111100
1111111100
1111111100
11111111X0
11111111X0
11111111X0
11111111X0
1111111100
1111111100
1111111110
1111111110
1111111100
1111111100
1111111100
1111111100
1111111110
1111111110
11111111X0
11111111X0
1111111100
1111111100
1111111100
1111111100
1111111110
1111111110
1111111110
1111111110
1111111100
1111111100
1111111100
1111111100
1111111100
1111111100
1111111100
1111111100
11111111X0
11111111X0
11111111X0
11111111X0
1111111100
1111111100
1111111110
1111111110
1111111110
1111111110
1111111110
1111111110
1111111100
1111111100
11111111X0
11111111X0
1111111110
1111111110
1111111100
1111111100
1111111100
1111111100
1111111110
1111111110
1111111110
1111111110
1111111100
1111111100
1111111110
1111111110
1111111100
1111111100
11111111X0
11111111X0
11111111X0
11111111X0
1111111100
1111111100
1111111110
1111111110
1111111110
1111111110
1111111110
1111111110
1111111100
1111111100
11111111X0
11111111X0
1111111110
1111111110
1111111100
1111111100
1111111100
1111111100
1111111110
1111111110
1111111110
1111111110
1111111100
1111111100
1111111110
1111111110
1111111100
1111111100
11111111X0
11111111X0
11111111X0
11111111X0
1111111100
1111111100
1111111110
1111111110
1111111100
1111111100
1111111110
1111111110
1111111100
1111111100
11111111X0
11111111X0
1111111110
1111111110
1111111100
1111111100
1111111100
1111111100
1111111110
1111111110
1111111110
1111111110
1111111100
1111111100
1111111110
1111111110
1111111100
1111111100
11111111X0
11111111X0
11111111X0
11111111X0
1111111100
1111111100
1111111110
1111111110
1111111100
1111111100
1111111110
1111111110
1111111100
1111111100
11111111X0
11111111X0
1111111100
1111111100
1111111100
1111111100
1111111100
1111111100
1111111110
1111111110
1111111100
1111111100
1111111100
1111111100
1111111100
1111111100
1111111100
1111111100
11111111X0
11111111X0
11111111X0
11111111X0
1111111100
1111111100
1111111110
1111111110
1111111100
1111111100
1111111110
1111111110
1111111100
1111111100
11111111X0
11111111X0
1111111100
1111111100
1111111100
1111111100
1111111110
1111111110
1111111110
1111111110
1111111100
1111111100
1111111100
1111111100
1111111100
1111111100
1111111100
1111111100
11111111X0
11111111X0
11111111X0
11111111X0
1111111100
1111111100
1111111110
1111111110
1111111100
1111111100
1111111110
1111111110
1111111100
1111111100
11111111X0
11111111X0
1111111100
1111111100
1111111100
1111111100
1111111110
1111111110
1111111110
1111111110
1111111100
1111111100
1111111100
1111111100
1111111100
1111111100
1111111100
1111111100
11111111X0
11111111X0
11111111X0
11111111X0
1111111100
1111111100
1111111110
1111111110
1111111101
1111111101
1111111101
1111111101
1111111101
1111111101
11111111X1
11111111X1
1111111101
1111111101
1111111101
1111111101
1111111111
1111111111
1111111111
1111111111
1111111101
1111111101
1111111101
1111111101
1111111101
1111111101
1111111101
1111111101
11111111X1
11111111X1
11111111X1
11111111X1
1111111101
1111111101
1111111111
1111111111
1111111100
1111111100
1111111100
1111111100
1111111110
1111111110
11111111X0
11111111X0
1111111100
1111111100
1111111100
1111111100
1111111110
1111111110
1111111110
1111111110
1111111100
1111111100
1111111100
1111111100
1111111100
1111111100
1111111100
1111111100
11111111X0
11111111X0
11111111X0
11111111X0
1111111100
1111111100
1111111110
1111111110
1111111110
1111111110
1111111110
1111111110
1111111100
1111111100
11111111X0
11111111X0
1111111110
1111111110
1111111100
1111111100
1111111100
1111111100
1111111110
1111111110
1111111110
1111111110
1111111100
1111111100
1111111110
1111111110
1111111100
1111111100
11111111X0
11111111X0
11111111X0
11111111X0
1111111100
1111111100
1111111110
1111111110
1111111100
1111111100
1111111110
1111111110
1111111100
1111111100
11111111X0
11111111X0
1111111110
1111111110
1111111100
1111111100
1111111100
1111111100
1111111110
1111111110
1111111110
1111111110
1111111100
1111111100
1111111110
1111111110
1111111100
1111111100
11111111X0
11111111X0
11111111X0
11111111X0
1111111100
1111111100
1111111110
1111111110
1111111100
1111111100
1111111110
1111111110
1111111100
1111111100
11111111X0
11111111X0
1111111110
1111111110
1111111100
1111111100
1111111100
1111111100
1111111110
1111111110
1111111110
1111111110
1111111100
1111111100
1111111110
1111111110
1111111100
1111111100
11111111X0
11111111X0
11111111X0
11111111X0
1111111100
1111111100
1111111110
1111111110
1111111100
1111111100
1111111110
1111111110
1111111100
1111111100
11111111X0
11111111X0
1111111100
1111111100
1111111100
1111111100
1111111100
1111111100
1111111110
1111111110
1111111100
1111111100
1111111100
1111111100
1111111100
1111111100
1111111100
1111111100
11111111X0
11111111X0
11111111X0
11111111X0
1111111100
1111111100
1111111110
1111111110
1111111100
1111111100
1111111110
1111111110
1111111100
1111111100
11111111X0
11111111X0
1111111100
1111111100
1111111100
1111111100
1111111110
1111111110
1111111110
1111111110
1111111100
1111111100
1111111100
1111111100
1111111100
1111111100
1111111100
1111111100
11111111X0
11111111X0
11111111X0
11111111X0
1111111100
1111111100
1111111110
1111111110
1111111100
1111111100
1111111110
1111111110
1111111100
1111111100
11111111X0
11111111X0
1111111100
1111111100
1111111100
1111111100
1111111110
1111111110
1111111110
1111111110
1111111100
1111111100
1111111100
1111111100
1111111100
1111111100
1111111100
1111111100
11111111X0
11111111X0
11111111X0
11111111X0
1111111100
1111111100
1111111110
1111111110
1111111100
1111111100
1111111110
1111111110
1111111100
1111111100
11111111X0
11111111X0
1111111100
1111111100
1111111100
1111111100
1111111110
1111111110
1111111110
1111111110
1111111100
1111111100
1111111100
1111111100
1111111100
1111111100
1111111100
1111111100
11111111X0
11111111X0
11111111X0
11111111X0
1111111100
1111111100
1111111110
1111111110
1111111101
1111111101
1111111101
1111111101
1111111101
1111111101
11111111X1
11111111X1
1111111101
1111111101
1111111101
1111111101
1111111111
1111111111
1111111111
1111111111
1111111101
1111111101
1111111101
1111111101
1111111101
1111111101
1111111101
1111111101
11111111X1
11111111X1
11111111X1
11111111X1
1111111101
1111111101
1111111111
1111111111
1111111110
1111111110
1111111110
1111111110
1111111100
1111111100
11111111X0
11111111X0
1111111110
1111111110
1111111100
1111111100
1111111100
1111111100
1111111110
1111111110
1111111110
1111111110
1111111100
1111111100
1111111110
1111111110
1111111100
1111111100
11111111X0
11111111X0
11111111X0
11111111X0
1111111100
1111111100
1111111110
1111111110
1111111100
1111111100
1111111110
1111111110
1111111100
1111111100
11111111X0
11111111X0
1111111110
1111111110
1111111100
1111111100
1111111100
1111111100
1111111110
1111111110
1111111110
1111111110
1111111100
1111111100
1111111110
1111111110
1111111100
1111111100
11111111X0
11111111X0
11111111X0
11111111X0
1111111100
1111111100
1111111110
1111111110
1111111100
1111111100
1111111110
1111111110
1111111100
1111111100
11111111X0
11111111X0
1111111110
1111111110
1111111100
1111111100
1111111100
1111111100
1111111110
1111111110
1111111110
1111111110
1111111100
1111111100
1111111110
1111111110
1111111100
1111111100
11111111X0
11111111X0
11111111X0
11111111X0
1111111100
1111111100
1111111110
1111111110
1111111110
1111111110
1111111100
1111111100
1111111110
1111111110
11111111X0
11111111X0
1111111100
1111111100
1111111110
1111111110
1111111100
1111111100
1111111100
1111111100
1111111100
1111111100
1111111100
1111111100
1111111100
1111111100
1111111100
1111111100
11111111X0
11111111X0
11111111X0
11111111X0
1111111100
1111111100
1111111110
1111111110
1111111110
1111111110
1111111100
1111111100
1111111110
1111111110
11111111X0
11111111X0
1111111100
1111111100
1111111110
1111111110
1111111110
1111111110
1111111100
1111111100
1111111100
1111111100
1111111100
1111111100
1111111100
1111111100
1111111100
1111111100
11111111X0
11111111X0
11111111X0
11111111X0
1111111100
1111111100
1111111110
1111111110
1111111110
1111111110
1111111100
1111111100
1111111110
1111111110
11111111X0
11111111X0
1111111100
1111111100
1111111110
1111111110
1111111110
1111111110
1111111100
1111111100
1111111100
1111111100
1111111100
1111111100
1111111100
1111111100
1111111100
1111111100
11111111X0
11111111X0
11111111X0
11111111X0
1111111100
1111111100
1111111110
1111111110
1111111110
1111111110
1111111100
1111111100
1111111110
1111111110
11111111X0
11111111X0
1111111100
1111111100
1111111110
1111111110
1111111110
1111111110
1111111100
1111111100
1111111100
1111111100
1111111100
1111111100
1111111100
1111111100
1111111100
1111111100
11111111X0
11111111X0
11111111X0
11111111X0
1111111100
1111111100
1111111110
1111111110
1111111110
1111111110
1111111100
1111111100
1111111110
1111111110
11111111X0
11111111X0
1111111100
1111111100
1111111110
1111111110
1111111110
1111111110
1111111100
1111111100
1111111100
1111111100
1111111100
1111111100
1111111100
1111111100
1111111100
1111111100
11111111X0
11111111X0
11111111X0
11111111X0
1111111100
1111111100
1111111110
1111111110
1111111111
1111111111
1111111101
1111111101
1111111101
1111111101
11111111X1
11111111X1
1111111111
1111111111
1111111111
1111111111
1111111101
1111111101
1111111101
1111111101
1111111111
1111111111
1111111101
1111111101
1111111111
1111111111
1111111101
1111111101
11111111X1
11111111X1
11111111X1
11111111X1
1111111101
1111111101
1111111111
1111111111
1111111110
1111111110
1111111100
1111111100
1111111110
1111111110
11111111X0
11111111X0
1111111110
1111111110
1111111110
1111111110
1111111100
1111111100
1111111100
1111111100
1111111110
1111111110
1111111100
1111111100
1111111110
1111111110
1111111100
1111111100
11111111X0
11111111X0
11111111X0
11111111X0
1111111100
1111111100
1111111110
1111111110
1111111110
1111111110
1111111100
1111111100
1111111110
1111111110
11111111X0
11111111X0
1111111110
1111111110
1111111110
1111111110
1111111100
1111111100
1111111100
1111111100
1111111110
1111111110
1111111100
1111111100
1111111110
1111111110
1111111100
1111111100
11111111X0
11111111X0
11111111X0
11111111X0
1111111100
1111111100
1111111110
1111111110
1111111110
1111111110
1111111100
1111111100
1111111110
1111111110
11111111X0
11111111X0
1111111100
1111111100
1111111110
1111111110
1111111100
1111111100
1111111100
1111111100
1111111100
1111111100
1111111100
1111111100
1111111100
1111111100
1111111100
1111111100
11111111X0
11111111X0
11111111X0
11111111X0
1111111100
1111111100
1111111110
1111111110
1111111110
1111111110
1111111100
1111111100
1111111110
1111111110
11111111X0
11111111X0
1111111100
1111111100
1111111110
1111111110
1111111110
1111111110
1111111100
1111111100
1111111100
1111111100
1111111100
1111111100
1111111100
1111111100
1111111100
1111111100
11111111X0
11111111X0
11111111X0
11111111X0
1111111100
1111111100
1111111110
1111111110
1111111110
1111111110
1111111100
1111111100
1111111110
1111111110
11111111X0
11111111X0
1111111100
1111111100
1111111110
1111111110
1111111110
1111111110
1111111100
1111111100
1111111100
1111111100
1111111100
1111111100
1111111100
1111111100
1111111100
1111111100
11111111X0
11111111X0
11111111X0
11111111X0
1111111100
1111111100
1111111110
1111111110
1111111100
1111111100
1111111100
1111111100
1111111110
1111111110
11111111X0
11111111X0
1111111100
1111111100
1111111110
1111111110
1111111110
1111111110
1111111100
1111111100
1111111100
1111111100
1111111100
1111111100
1111111100
1111111100
1111111100
1111111100
11111111X0
11111111X0
11111111X0
11111111X0
1111111100
1111111100
1111111110
1111111110
1111111100
1111111100
1111111100
1111111100
1111111110
1111111110
11111111X0
11111111X0
1111111100
1111111100
1111111110
1111111110
1111111110
1111111110
1111111100
1111111100
1111111100
1111111100
1111111100
1111111100
1111111100
1111111100
1111111100
1111111100
11111111X0
11111111X0
11111111X0
11111111X0
1111111100
1111111100
1111111110
1111111110
1111111110
1111111110
1111111110
1111111110
1111111100
1111111100
11111111X0
11111111X0
1111111110
1111111110
1111111110
1111111110
1111111100
1111111100
1111111100
1111111100
1111111110
1111111110
1111111100
1111111100
1111111110
1111111110
1111111100
1111111100
11111111X0
11111111X0
11111111X0
11111111X0
1111111100
1111111100
1111111110
1111111110
1111111111
1111111111
1111111101
1111111101
1111111101
1111111101
11111111X1
11111111X1
1111111111
1111111111
1111111111
1111111111
1111111101
1111111101
1111111101
1111111101
1111111111
1111111111
1111111101
1111111101
1111111111
1111111111
1111111101
1111111101
11111111X1
11111111X1
11111111X1
11111111X1
1111111101
1111111101
1111111111
1111111111
1111111110
1111111110
1111111100
1111111100
1111111110
1111111110
11111111X0
11111111X0
1111111110
1111111110
1111111110
1111111110
1111111100
1111111100
1111111100
1111111100
1111111110
1111111110
1111111100
1111111100
1111111110
1111111110
1111111100
1111111100
11111111X0
11111111X0
11111111X0
11111111X0
1111111100
1111111100
1111111110
1111111110
1111111110
1111111110
1111111100
1111111100
1111111110
1111111110
11111111X0
11111111X0
1111111100
1111111100
1111111110
1111111110
1111111100
1111111100
1111111100
1111111100
1111111100
1111111100
1111111100
1111111100
1111111100
1111111100
1111111100
1111111100
11111111X0
11111111X0
11111111X0
11111111X0
1111111100
1111111100
1111111110
1111111110
1111111100
1111111100
1111111100
1111111100
1111111110
1111111110
11111111X0
11111111X0
1111111100
1111111100
1111111110
1111111110
1111111110
1111111110
1111111100
1111111100
1111111100
1111111100
1111111100
1111111100
1111111100
1111111100
1111111100
1111111100
11111111X0
11111111X0
11111111X0
11111111X0
1111111100
1111111100
1111111110
1111111110
1111111100
1111111100
1111111100
1111111100
1111111110
1111111110
11111111X0
11111111X0
1111111100
1111111100
1111111110
1111111110
1111111110
1111111110
1111111100
1111111100
1111111100
1111111100
1111111100
1111111100
1111111100
1111111100
1111111100
1111111100
11111111X0
11111111X0
11111111X0
11111111X0
1111111100
1111111100
1111111110
1111111110
1111111100
1111111100
1111111100
1111111100
1111111110
1111111110
11111111X0
11111111X0
1111111100
1111111100
1111111110
1111111110
1111111110
1111111110
1111111100
1111111100
1111111100
1111111100
1111111100
1111111100
1111111100
1111111100
1111111100
1111111100
11111111X0
11111111X0
11111111X0
11111111X0
1111111100
1111111100
1111111110
1111111110
1111111100
1111111100
1111111100
1111111100
1111111110
1111111110
11111111X0
11111111X0
1111111100
1111111100
1111111110
1111111110
1111111110
1111111110
1111111100
1111111100
1111111100
1111111100
1111111100
1111111100
1111111100
1111111100
1111111100
1111111100
11111111X0
11111111X0
11111111X0
11111111X0
1111111100
1111111100
1111111110
1111111110
1111111110
1111111110
1111111110
1111111110
1111111100
1111111100
11111111X0
11111111X0
1111111110
1111111110
1111111110
1111111110
1111111100
1111111100
1111111100
1111111100
1111111110
1111111110
1111111100
1111111100
1111111110
1111111110
1111111100
1111111100
11111111X0
11111111X0
11111111X0
11111111X0
1111111100
1111111100
1111111110
1111111110
1111111110
1111111110
1111111110
1111111110
1111111100
1111111100
11111111X0
11111111X0
1111111110
1111111110
1111111110
1111111110
1111111100
1111111100
1111111100
1111111100
1111111110
1111111110
1111111100
1111111100
1111111110
1111111110
1111111100
1111111100
11111111X0
11111111X0
11111111X0
11111111X0
1111111100
1111111100
1111111110
1111111110
1111111111
1111111111
1111111101
1111111101
1111111101
1111111101
11111111X1
11111111X1
1111111111
1111111111
1111111111
1111111111
1111111101
1111111101
1111111101
1111111101
1111111111
1111111111
1111111101
1111111101
1111111111
1111111111
1111111101
1111111101
11111111X1
11111111X1
11111111X1
11111111X1
1111111101
1111111101
1111111111
1111111111
